2019-05-21 16:43:00,992 - INFO - epoch: 0:  89.74
2019-05-21 16:43:02,011 - DEBUG - epoch: 0:  89.74
2019-05-21 16:43:51,147 - DEBUG - epoch: 25:  98.66
2019-05-21 16:44:39,012 - DEBUG - epoch: 50:  99.18
2019-05-21 16:45:30,477 - DEBUG - epoch: 75:  99.36
2019-05-21 16:46:25,774 - INFO - epoch: 100:  99.44
2019-05-21 16:46:26,838 - DEBUG - epoch: 100:  99.44
2019-05-21 16:47:15,164 - DEBUG - epoch: 125:  99.47
2019-05-21 16:48:05,337 - DEBUG - epoch: 150:  99.49
2019-05-21 16:48:55,632 - DEBUG - epoch: 175:  99.51
2019-05-21 16:49:45,024 - INFO - epoch: 200:  99.52
2019-05-21 16:49:45,963 - DEBUG - epoch: 200:  99.52
2019-05-21 16:51:15,823 - INFO - epoch: 0:  89.88
2019-05-21 16:51:16,791 - DEBUG - epoch: 0:  89.88
2019-05-21 16:52:00,476 - DEBUG - epoch: 25:  98.55
2019-05-21 16:52:47,618 - DEBUG - epoch: 50:  99.07
2019-05-21 16:54:01,319 - INFO - learning rate= 0.003 momentum update=0.99
2019-05-21 16:54:05,049 - INFO - epoch: 0:  89.81
2019-05-21 16:54:06,012 - DEBUG - epoch: 0:  89.81
2019-05-21 16:55:08,376 - DEBUG - epoch: 25:  98.62
2019-05-21 16:56:10,992 - DEBUG - epoch: 50:  99.07
2019-05-21 16:57:15,302 - DEBUG - epoch: 75:  99.26
2019-05-21 16:58:17,818 - INFO - epoch: 100:  99.33
2019-05-21 16:58:18,816 - DEBUG - epoch: 100:  99.33
2019-05-21 16:58:18,980 - INFO - Accuracy on Test: 97.91
2019-05-21 16:58:18,982 - DEBUG - ---------------------------------------------------------------------
2019-05-21 16:59:17,772 - INFO - learning rate=0.003 Vanilla minibatc(100)
2019-05-21 16:59:46,722 - INFO - learning rate=0.003 Vanilla minibatch(100)
2019-05-21 16:59:49,158 - INFO - epoch: 0:  85.7
2019-05-21 16:59:50,244 - DEBUG - epoch: 0:  85.7
2019-05-21 17:00:28,712 - DEBUG - epoch: 25:  97.8
2019-05-21 17:01:05,570 - DEBUG - epoch: 50:  98.72
2019-05-21 17:01:41,008 - DEBUG - epoch: 75:  99.01
2019-05-21 17:02:17,430 - INFO - epoch: 100:  99.18
2019-05-21 17:02:18,288 - DEBUG - epoch: 100:  99.18
2019-05-21 17:02:54,397 - DEBUG - epoch: 125:  99.29
2019-05-21 17:03:38,676 - DEBUG - epoch: 150:  99.35
2019-05-21 17:04:18,165 - DEBUG - epoch: 175:  99.39
2019-05-21 17:04:55,305 - INFO - epoch: 200:  99.42
2019-05-21 17:04:56,208 - DEBUG - epoch: 200:  99.42
2019-05-21 17:05:36,040 - DEBUG - epoch: 225:  99.44
2019-05-21 17:06:16,092 - DEBUG - epoch: 250:  99.46
2019-05-21 17:06:55,640 - DEBUG - epoch: 275:  99.48
2019-05-21 17:07:34,988 - INFO - epoch: 300:  99.48
2019-05-21 17:07:35,950 - DEBUG - epoch: 300:  99.48
2019-05-21 17:08:14,905 - DEBUG - epoch: 325:  99.49
2019-05-21 17:08:58,629 - DEBUG - epoch: 350:  99.5
2019-05-21 17:09:52,280 - DEBUG - epoch: 375:  99.5
2019-05-21 17:10:39,830 - INFO - epoch: 400:  99.51
2019-05-21 17:10:40,898 - DEBUG - epoch: 400:  99.51
2019-05-21 17:10:41,098 - INFO - Accuracy on Test: 98.02
2019-05-21 17:10:41,099 - DEBUG - ---------------------------------------------------------------------
2019-05-21 17:12:15,875 - INFO - neurons= 100 learning rate=0.003 momentum update=0.99 minibatch=100
2019-05-21 17:12:19,072 - INFO - epoch: 0:  89.66
2019-05-21 17:12:19,952 - DEBUG - epoch: 0:  89.66
2019-05-21 17:13:13,486 - DEBUG - epoch: 25:  98.64
2019-05-21 17:14:06,568 - DEBUG - epoch: 50:  99.18
2019-05-21 17:14:59,269 - DEBUG - epoch: 75:  99.36
2019-05-21 17:15:53,920 - INFO - epoch: 100:  99.42
2019-05-21 17:15:54,908 - DEBUG - epoch: 100:  99.42
2019-05-21 17:16:50,029 - DEBUG - epoch: 125:  99.45
2019-05-21 17:17:43,222 - DEBUG - epoch: 150:  99.47
2019-05-21 17:18:41,132 - DEBUG - epoch: 175:  99.48
2019-05-21 17:19:37,873 - INFO - epoch: 200:  99.5
2019-05-21 17:19:38,964 - DEBUG - epoch: 200:  99.5
2019-05-21 17:20:31,073 - DEBUG - epoch: 225:  99.52
2019-05-21 17:21:23,846 - DEBUG - epoch: 250:  99.52
2019-05-21 17:22:16,439 - DEBUG - epoch: 275:  99.52
2019-05-21 17:23:08,407 - INFO - epoch: 300:  99.53
2019-05-21 17:23:09,327 - DEBUG - epoch: 300:  99.53
2019-05-21 17:24:03,418 - DEBUG - epoch: 325:  99.53
2019-05-21 17:24:56,151 - DEBUG - epoch: 350:  99.54
2019-05-21 17:25:48,213 - DEBUG - epoch: 375:  99.54
2019-05-21 17:26:40,475 - INFO - epoch: 400:  99.55
2019-05-21 17:26:41,473 - DEBUG - epoch: 400:  99.55
2019-05-21 17:26:41,629 - INFO - Accuracy on Test: 98.03
2019-05-21 17:26:41,629 - DEBUG - ---------------------------------------------------------------------
