2019-05-30 11:13:53,118 - INFO - neurons= 100 learning rate=0.003 momentum update=0.99 minibatch=100
2019-05-30 11:14:21,863 - INFO - neurons= 100 learning rate=0.003 momentum update=0.99 minibatch=100
2019-05-30 11:17:16,538 - INFO - neurons= 100 learning rate=0.003 momentum update=0.99 minibatch=100
2019-05-30 11:17:32,999 - INFO - neurons= 100 learning rate=0.003 momentum update=0.99 minibatch=100
2019-05-30 11:19:19,249 - INFO - neurons= 100 learning rate=0.003 momentum update=0.99 minibatch=100
2019-05-30 11:22:40,192 - INFO - neurons= 100 learning rate=0.003 momentum update=0.99 minibatch=100
2019-05-30 11:22:43,201 - INFO - neurons= 100 learning rate=0.003 momentum update=0.99 minibatch=100
2019-05-30 11:23:51,691 - INFO - neurons= 100 learning rate=0.003 momentum update=0.99 minibatch=100
2019-05-30 11:24:08,509 - INFO - neurons= 100 learning rate=0.003 momentum update=0.99 minibatch=100
2019-05-30 11:26:06,246 - INFO - neurons= 100 learning rate=0.003 momentum update=0.99 minibatch=100
2019-05-30 11:28:50,397 - INFO - neurons= 100 learning rate=0.003 momentum update=0.99 minibatch=100
2019-05-30 11:29:41,684 - INFO - neurons= 100 learning rate=0.003 momentum update=0.99 minibatch=100
2019-05-30 11:30:53,281 - INFO - neurons= 100 learning rate=0.003 momentum update=0.99 minibatch=100
2019-05-30 11:31:44,834 - INFO - neurons= 100 learning rate=0.003 momentum update=0.99 minibatch=100
2019-05-30 18:21:00,065 - DEBUG - epoch: 0:  62.085
2019-05-30 18:21:02,694 - DEBUG - epoch: 5:  81.185
2019-05-30 18:21:05,296 - DEBUG - epoch: 10:  86.47
2019-05-30 18:21:07,829 - DEBUG - epoch: 15:  87.295
2019-05-30 18:21:10,345 - DEBUG - epoch: 20:  86.793
2019-05-30 18:21:12,853 - DEBUG - epoch: 25:  87.113
2019-05-30 18:21:15,361 - DEBUG - epoch: 30:  87.395
2019-05-30 18:21:17,884 - DEBUG - epoch: 35:  87.873
2019-05-30 18:21:20,416 - DEBUG - epoch: 40:  88.12
2019-05-30 18:21:22,930 - DEBUG - epoch: 45:  88.245
2019-05-30 18:21:25,444 - DEBUG - epoch: 50:  88.35
2019-05-30 18:21:27,954 - DEBUG - epoch: 55:  88.407
2019-05-30 18:21:30,469 - DEBUG - epoch: 60:  88.453
2019-05-30 18:21:32,985 - DEBUG - epoch: 65:  88.57
2019-05-30 18:21:35,516 - DEBUG - epoch: 70:  88.513
2019-05-30 18:21:38,036 - DEBUG - epoch: 75:  88.582
2019-05-30 18:21:40,544 - DEBUG - epoch: 80:  88.61
2019-05-30 18:21:43,054 - DEBUG - epoch: 85:  88.612
2019-05-30 18:21:45,562 - DEBUG - epoch: 90:  88.635
2019-05-30 18:21:48,076 - DEBUG - epoch: 95:  88.663
2019-05-30 18:21:50,587 - DEBUG - epoch: 100:  88.678
2019-05-30 18:21:53,105 - DEBUG - epoch: 105:  88.727
2019-05-30 18:21:55,613 - DEBUG - epoch: 110:  88.753
2019-05-30 18:21:58,127 - DEBUG - epoch: 115:  88.773
2019-05-30 18:22:00,643 - DEBUG - epoch: 120:  88.818
2019-05-30 18:22:03,147 - DEBUG - epoch: 125:  88.835
2019-05-30 18:22:05,654 - DEBUG - epoch: 130:  88.86
2019-05-30 18:22:08,169 - DEBUG - epoch: 135:  88.852
2019-05-30 18:22:10,768 - DEBUG - epoch: 140:  88.902
2019-05-30 18:22:13,304 - DEBUG - epoch: 145:  88.932
2019-05-30 18:22:15,824 - DEBUG - epoch: 150:  88.917
2019-05-30 18:22:18,335 - DEBUG - epoch: 155:  88.923
2019-05-30 18:22:20,848 - DEBUG - epoch: 160:  88.91
2019-05-30 18:22:23,368 - DEBUG - epoch: 165:  88.902
2019-05-30 18:22:25,883 - DEBUG - epoch: 170:  88.893
2019-05-30 18:22:28,394 - DEBUG - epoch: 175:  88.897
2019-05-30 18:22:30,907 - DEBUG - epoch: 180:  88.908
2019-05-30 18:22:33,414 - DEBUG - epoch: 185:  88.93
2019-05-30 18:22:35,932 - DEBUG - epoch: 190:  88.93
2019-05-30 18:22:38,446 - DEBUG - epoch: 195:  88.913
2019-05-30 18:22:40,956 - DEBUG - epoch: 200:  88.927
2019-05-30 18:22:41,449 - INFO - epoch: 201:  88.927
2019-05-30 18:22:41,501 - INFO - Accuracy on Test: 88.67
2019-05-30 18:22:41,502 - DEBUG - ---------------------------------------------------------------------
2019-05-30 18:24:31,735 - DEBUG - epoch: 0:  73.825
2019-05-30 18:24:34,321 - DEBUG - epoch: 5:  86.153
2019-05-30 18:26:29,207 - DEBUG - epoch: 0:  78.625
2019-05-30 18:26:31,749 - DEBUG - epoch: 5:  85.835
2019-05-30 18:26:34,488 - DEBUG - epoch: 10:  86.857
2019-05-30 18:37:49,693 - DEBUG - epoch: 0:  66.193
2019-05-30 18:37:52,229 - DEBUG - epoch: 5:  79.597
2019-05-30 18:37:54,738 - DEBUG - epoch: 10:  86.323
2019-05-30 18:37:57,241 - DEBUG - epoch: 15:  86.873
2019-05-30 18:37:59,756 - DEBUG - epoch: 20:  87.15
2019-05-30 18:38:02,272 - DEBUG - epoch: 25:  87.24
2019-05-30 18:38:04,776 - DEBUG - epoch: 30:  87.363
2019-05-30 18:38:07,276 - DEBUG - epoch: 35:  87.408
2019-05-30 18:38:09,919 - DEBUG - epoch: 40:  87.453
2019-05-30 18:38:12,442 - DEBUG - epoch: 45:  87.51
2019-05-30 18:38:14,955 - DEBUG - epoch: 50:  87.527
2019-05-30 18:38:17,462 - DEBUG - epoch: 55:  87.527
2019-05-30 18:38:19,992 - DEBUG - epoch: 60:  87.54
2019-05-30 18:38:22,500 - DEBUG - epoch: 65:  87.568
2019-05-30 18:38:25,011 - DEBUG - epoch: 70:  87.587
2019-05-30 18:38:27,519 - DEBUG - epoch: 75:  87.593
2019-05-30 18:38:30,024 - DEBUG - epoch: 80:  87.627
2019-05-30 18:38:32,536 - DEBUG - epoch: 85:  87.672
2019-05-30 18:38:35,048 - DEBUG - epoch: 90:  87.717
2019-05-30 18:38:37,557 - DEBUG - epoch: 95:  87.725
2019-05-30 18:38:40,063 - DEBUG - epoch: 100:  87.707
2019-05-30 18:38:42,573 - DEBUG - epoch: 105:  87.717
2019-05-30 18:38:45,074 - DEBUG - epoch: 110:  87.715
2019-05-30 18:38:47,588 - DEBUG - epoch: 115:  87.733
2019-05-30 18:38:50,093 - DEBUG - epoch: 120:  87.767
2019-05-30 18:38:52,602 - DEBUG - epoch: 125:  87.795
2019-05-30 18:38:55,108 - DEBUG - epoch: 130:  87.798
2019-05-30 18:38:57,614 - DEBUG - epoch: 135:  87.833
2019-05-30 18:39:00,121 - DEBUG - epoch: 140:  87.828
2019-05-30 18:39:02,632 - DEBUG - epoch: 145:  87.832
2019-05-30 18:39:05,136 - DEBUG - epoch: 150:  87.852
2019-05-30 18:39:07,645 - DEBUG - epoch: 155:  87.858
2019-05-30 18:39:10,153 - DEBUG - epoch: 160:  87.875
2019-05-30 18:39:12,667 - DEBUG - epoch: 165:  87.883
2019-05-30 18:39:15,173 - DEBUG - epoch: 170:  87.877
2019-05-30 18:39:17,679 - DEBUG - epoch: 175:  87.878
2019-05-30 18:39:20,183 - DEBUG - epoch: 180:  87.883
2019-05-30 18:39:22,694 - DEBUG - epoch: 185:  87.898
2019-05-30 18:39:25,201 - DEBUG - epoch: 190:  87.897
2019-05-30 18:39:27,703 - DEBUG - epoch: 195:  87.907
2019-05-30 18:39:30,210 - DEBUG - epoch: 200:  87.9
2019-05-30 18:39:30,695 - INFO - epoch: 201:  87.9
2019-05-30 18:39:30,746 - INFO - Accuracy on Test: 86.68
2019-05-30 18:39:30,747 - DEBUG - ---------------------------------------------------------------------
2019-05-30 19:22:12,032 - DEBUG - epoch: 0:  70.212
2019-05-30 19:22:14,577 - DEBUG - epoch: 5:  86.6
2019-05-30 19:22:17,123 - DEBUG - epoch: 10:  87.175
2019-05-30 19:22:19,662 - DEBUG - epoch: 15:  87.423
2019-05-30 19:22:22,204 - DEBUG - epoch: 20:  87.59
2019-05-30 19:22:24,743 - DEBUG - epoch: 25:  87.723
2019-05-30 19:22:27,283 - DEBUG - epoch: 30:  87.7
2019-05-30 19:22:29,822 - DEBUG - epoch: 35:  87.737
2019-05-30 19:22:32,360 - DEBUG - epoch: 40:  87.967
2019-05-30 19:22:34,893 - DEBUG - epoch: 45:  88.115
2019-05-30 19:22:37,434 - DEBUG - epoch: 50:  88.295
2019-05-30 19:22:39,972 - DEBUG - epoch: 55:  88.362
2019-05-30 19:22:42,507 - DEBUG - epoch: 60:  88.468
2019-05-30 19:22:45,041 - DEBUG - epoch: 65:  88.557
2019-05-30 19:22:47,569 - DEBUG - epoch: 70:  88.618
2019-05-30 19:22:50,105 - DEBUG - epoch: 75:  88.658
2019-05-30 19:22:52,651 - DEBUG - epoch: 80:  88.658
2019-05-30 19:22:55,184 - DEBUG - epoch: 85:  88.7
2019-05-30 19:22:57,721 - DEBUG - epoch: 90:  88.717
2019-05-30 19:23:00,250 - DEBUG - epoch: 95:  88.748
2019-05-30 19:23:02,787 - DEBUG - epoch: 100:  88.79
2019-05-30 19:23:05,323 - DEBUG - epoch: 105:  88.818
2019-05-30 19:23:07,860 - DEBUG - epoch: 110:  88.83
2019-05-30 19:23:10,391 - DEBUG - epoch: 115:  88.847
2019-05-30 19:23:12,932 - DEBUG - epoch: 120:  88.878
2019-05-30 19:23:15,469 - DEBUG - epoch: 125:  88.89
2019-05-30 19:23:18,009 - DEBUG - epoch: 130:  88.948
2019-05-30 19:23:20,551 - DEBUG - epoch: 135:  88.985
2019-05-30 19:23:23,090 - DEBUG - epoch: 140:  89.003
2019-05-30 19:23:25,628 - DEBUG - epoch: 145:  89.005
2019-05-30 19:23:28,171 - DEBUG - epoch: 150:  89.037
2019-05-30 19:23:30,709 - DEBUG - epoch: 155:  89.042
2019-05-30 19:23:33,247 - DEBUG - epoch: 160:  89.032
2019-05-30 19:23:35,783 - DEBUG - epoch: 165:  89.028
2019-05-30 19:23:38,324 - DEBUG - epoch: 170:  89.052
2019-05-30 19:23:40,871 - DEBUG - epoch: 175:  89.048
2019-05-30 19:23:43,403 - DEBUG - epoch: 180:  89.077
2019-05-30 19:23:45,940 - DEBUG - epoch: 185:  89.08
2019-05-30 19:23:48,487 - DEBUG - epoch: 190:  89.098
2019-05-30 19:23:51,017 - DEBUG - epoch: 195:  89.11
2019-05-30 19:23:53,558 - DEBUG - epoch: 200:  89.105
2019-05-30 19:23:54,055 - INFO - epoch: 201:  89.105
2019-05-30 19:23:54,111 - INFO - Accuracy on Test: 88.73
2019-05-30 19:23:54,112 - DEBUG - ---------------------------------------------------------------------
2019-05-30 19:30:05,109 - DEBUG - epoch: 0:  74.01
2019-05-30 19:30:07,647 - DEBUG - epoch: 5:  86.808
2019-05-30 19:30:10,268 - DEBUG - epoch: 10:  87.743
2019-05-30 19:30:12,812 - DEBUG - epoch: 15:  88.218
2019-05-30 19:30:15,340 - DEBUG - epoch: 20:  88.372
2019-05-30 19:30:17,858 - DEBUG - epoch: 25:  88.547
2019-05-30 19:30:20,380 - DEBUG - epoch: 30:  88.59
2019-05-30 19:30:22,909 - DEBUG - epoch: 35:  88.698
2019-05-30 19:30:25,432 - DEBUG - epoch: 40:  88.73
2019-05-30 19:30:27,967 - DEBUG - epoch: 45:  88.818
2019-05-30 19:30:30,488 - DEBUG - epoch: 50:  88.877
2019-05-30 19:30:33,007 - DEBUG - epoch: 55:  88.955
2019-05-30 19:30:35,526 - DEBUG - epoch: 60:  89.028
2019-05-30 19:30:38,043 - DEBUG - epoch: 65:  89.062
2019-05-30 19:30:40,567 - DEBUG - epoch: 70:  89.113
2019-05-30 19:30:43,092 - DEBUG - epoch: 75:  89.173
2019-05-30 19:30:45,611 - DEBUG - epoch: 80:  89.185
2019-05-30 19:30:48,134 - DEBUG - epoch: 85:  89.222
2019-05-30 19:30:50,661 - DEBUG - epoch: 90:  89.28
2019-05-30 19:30:53,222 - DEBUG - epoch: 95:  89.298
2019-05-30 19:30:55,821 - DEBUG - epoch: 100:  89.272
2019-05-30 19:30:58,344 - DEBUG - epoch: 105:  89.285
2019-05-30 19:31:00,880 - DEBUG - epoch: 110:  89.308
2019-05-30 19:31:03,396 - DEBUG - epoch: 115:  89.315
2019-05-30 19:31:05,929 - DEBUG - epoch: 120:  89.327
2019-05-30 19:31:08,453 - DEBUG - epoch: 125:  89.347
2019-05-30 19:31:10,976 - DEBUG - epoch: 130:  89.36
2019-05-30 19:31:13,495 - DEBUG - epoch: 135:  89.367
2019-05-30 19:31:16,022 - DEBUG - epoch: 140:  89.348
2019-05-30 19:31:18,541 - DEBUG - epoch: 145:  89.36
2019-05-30 19:31:21,085 - DEBUG - epoch: 150:  89.358
2019-05-30 19:31:23,605 - DEBUG - epoch: 155:  89.36
2019-05-30 19:31:26,124 - DEBUG - epoch: 160:  89.377
2019-05-30 19:31:28,646 - DEBUG - epoch: 165:  89.378
2019-05-30 19:31:31,165 - DEBUG - epoch: 170:  89.367
2019-05-30 19:31:33,680 - DEBUG - epoch: 175:  89.357
2019-05-30 19:31:36,199 - DEBUG - epoch: 180:  89.373
2019-05-30 19:31:38,713 - DEBUG - epoch: 185:  89.382
2019-05-30 19:31:41,233 - DEBUG - epoch: 190:  89.393
2019-05-30 19:31:43,750 - DEBUG - epoch: 195:  89.39
2019-05-30 19:31:46,273 - DEBUG - epoch: 200:  89.388
2019-05-30 19:31:46,767 - INFO - epoch: 201:  89.388
2019-05-30 19:31:46,818 - INFO - Accuracy on Test: 88.82
2019-05-30 19:31:46,819 - DEBUG - ---------------------------------------------------------------------
2019-05-30 19:38:55,528 - DEBUG - epoch: 0:  81.428
2019-05-30 19:38:58,304 - DEBUG - epoch: 5:  86.458
2019-05-30 19:39:01,125 - DEBUG - epoch: 10:  87.5
2019-05-30 19:39:03,862 - DEBUG - epoch: 15:  87.742
2019-05-30 19:39:06,559 - DEBUG - epoch: 20:  87.6
2019-05-30 19:39:09,227 - DEBUG - epoch: 25:  87.642
2019-05-30 19:39:11,926 - DEBUG - epoch: 30:  87.587
2019-05-30 19:39:14,712 - DEBUG - epoch: 35:  87.495
2019-05-30 19:39:17,470 - DEBUG - epoch: 40:  87.445
2019-05-30 19:39:20,037 - DEBUG - epoch: 45:  87.528
2019-05-30 19:39:31,520 - DEBUG - epoch: 0:  23.655
2019-05-30 19:39:33,517 - DEBUG - epoch: 5:  31.838
2019-05-30 19:39:35,519 - DEBUG - epoch: 10:  32.423
2019-05-30 19:39:37,512 - DEBUG - epoch: 15:  32.755
2019-05-30 19:39:39,512 - DEBUG - epoch: 20:  32.84
2019-05-30 19:39:39,952 - INFO - epoch: 21:  32.84
2019-05-30 19:39:40,003 - INFO - Accuracy on Test: 33.34
2019-05-30 19:39:40,003 - DEBUG - ---------------------------------------------------------------------
2019-05-30 19:39:51,449 - DEBUG - epoch: 0:  83.935
2019-05-30 19:39:54,251 - DEBUG - epoch: 5:  90.693
2019-05-30 19:39:57,022 - DEBUG - epoch: 10:  92.018
2019-05-30 19:39:59,795 - DEBUG - epoch: 15:  92.627
2019-05-30 19:40:02,652 - DEBUG - epoch: 20:  92.948
2019-05-30 19:40:03,179 - INFO - epoch: 21:  92.948
2019-05-30 19:40:03,240 - INFO - Accuracy on Test: 92.84
2019-05-30 19:40:03,240 - DEBUG - ---------------------------------------------------------------------
2019-05-30 19:50:40,815 - INFO - learning rate=0.003 momentum update=0.99 minibatch=100
2019-05-30 19:51:12,717 - INFO - learning rate=0.003 momentum update=0.99 minibatch=100
2019-05-30 19:52:35,451 - INFO - learning rate=0.003 momentum update=0.99 minibatch=100
2019-05-30 19:52:35,878 - DEBUG - epoch: 0:  9.93
2019-05-30 19:52:37,980 - DEBUG - epoch: 5:  11.677
2019-05-30 19:52:40,070 - DEBUG - epoch: 10:  9.703
2019-05-30 19:52:42,174 - DEBUG - epoch: 15:  9.628
2019-05-30 19:52:44,280 - DEBUG - epoch: 20:  9.752
2019-05-30 19:52:44,781 - INFO - epoch: 21:  9.752
2019-05-30 19:52:44,831 - INFO - Accuracy on Test: 9.74
2019-05-30 19:52:44,832 - DEBUG - ---------------------------------------------------------------------
2019-05-31 17:10:12,481 - INFO - learning rate=0.003 momentum update=0.99 minibatch=100
2019-05-31 17:10:54,791 - INFO - learning rate=0.003 momentum update=0.99 minibatch=100
2019-05-31 17:11:46,058 - INFO - learning rate=0.003 momentum update=0.99 minibatch=100
2019-05-31 17:11:46,521 - DEBUG - epoch: 0:  9.752
2019-05-31 17:11:48,627 - DEBUG - epoch: 5:  9.763
2019-05-31 17:11:50,722 - DEBUG - epoch: 10:  9.752
2019-05-31 17:11:52,885 - DEBUG - epoch: 15:  9.752
2019-05-31 17:11:54,993 - DEBUG - epoch: 20:  9.752
2019-05-31 17:11:55,503 - INFO - epoch: 21:  9.752
2019-05-31 17:11:55,558 - INFO - Accuracy on Test: 9.74
2019-05-31 17:11:55,559 - DEBUG - ---------------------------------------------------------------------
2019-05-31 17:12:22,779 - INFO - learning rate=0.003 momentum update=0.99 minibatch=100
2019-05-31 17:12:23,460 - DEBUG - epoch: 0:  9.4
2019-05-31 17:12:25,849 - DEBUG - epoch: 5:  9.752
2019-05-31 17:12:28,218 - DEBUG - epoch: 10:  9.752
2019-05-31 17:12:30,608 - DEBUG - epoch: 15:  9.752
2019-05-31 17:12:32,985 - DEBUG - epoch: 20:  9.752
2019-05-31 17:12:33,536 - INFO - epoch: 21:  9.752
2019-05-31 17:12:33,593 - INFO - Accuracy on Test: 9.74
2019-05-31 17:12:33,594 - DEBUG - ---------------------------------------------------------------------
2019-05-31 17:12:44,707 - INFO - learning rate=0.003 momentum update=0.99 minibatch=100
2019-05-31 17:12:45,388 - DEBUG - epoch: 0:  9.115
2019-05-31 17:12:48,854 - DEBUG - epoch: 5:  9.752
2019-05-31 17:12:52,314 - DEBUG - epoch: 10:  9.752
2019-05-31 17:12:56,285 - DEBUG - epoch: 15:  9.752
2019-05-31 17:13:01,437 - DEBUG - epoch: 20:  9.752
2019-05-31 17:13:02,186 - INFO - epoch: 21:  9.752
2019-05-31 17:13:02,280 - INFO - Accuracy on Test: 9.74
2019-05-31 17:13:02,281 - DEBUG - ---------------------------------------------------------------------
2019-05-31 17:13:51,924 - INFO - learning rate=0.003 momentum update=0.99 minibatch=100
2019-05-31 17:13:52,615 - DEBUG - epoch: 0:  10.175
2019-05-31 17:13:56,068 - DEBUG - epoch: 5:  10.002
2019-05-31 17:13:59,656 - DEBUG - epoch: 10:  10.83
2019-05-31 17:14:03,270 - DEBUG - epoch: 15:  9.752
2019-05-31 17:14:06,739 - DEBUG - epoch: 20:  9.752
2019-05-31 17:14:07,507 - INFO - epoch: 21:  9.752
2019-05-31 17:14:07,575 - INFO - Accuracy on Test: 9.74
2019-05-31 17:14:07,575 - DEBUG - ---------------------------------------------------------------------
2019-05-31 17:14:43,454 - INFO - learning rate=0.003 momentum update=0.99 minibatch=100
2019-05-31 17:14:44,142 - DEBUG - epoch: 0:  10.195
2019-05-31 17:14:48,029 - DEBUG - epoch: 5:  11.055
2019-05-31 17:14:52,014 - DEBUG - epoch: 10:  9.752
2019-05-31 17:14:56,158 - DEBUG - epoch: 15:  9.752
2019-05-31 17:14:59,999 - DEBUG - epoch: 20:  9.752
2019-05-31 17:15:00,805 - INFO - epoch: 21:  9.752
2019-05-31 17:15:00,877 - INFO - Accuracy on Test: 9.74
2019-05-31 17:15:00,877 - DEBUG - ---------------------------------------------------------------------
2019-05-31 17:17:22,668 - INFO - learning rate=0.003 momentum update=0.99 minibatch=100
2019-05-31 17:17:23,322 - DEBUG - epoch: 0:  10.595
2019-05-31 17:17:26,849 - DEBUG - epoch: 5:  9.752
2019-05-31 17:17:30,482 - DEBUG - epoch: 10:  9.752
2019-05-31 17:17:39,566 - INFO - learning rate=0.003 momentum update=0.99 minibatch=100
2019-05-31 17:17:39,960 - DEBUG - epoch: 0:  9.912
2019-05-31 17:17:42,038 - DEBUG - epoch: 5:  9.752
2019-05-31 17:17:44,106 - DEBUG - epoch: 10:  9.752
2019-05-31 17:17:46,183 - DEBUG - epoch: 15:  9.752
2019-05-31 17:17:48,254 - DEBUG - epoch: 20:  9.752
2019-05-31 17:17:48,749 - INFO - epoch: 21:  9.752
2019-05-31 17:17:48,803 - INFO - Accuracy on Test: 9.74
2019-05-31 17:17:48,804 - DEBUG - ---------------------------------------------------------------------
2019-05-31 17:17:53,915 - INFO - learning rate=0.03 momentum update=0.99 minibatch=100
2019-05-31 17:17:54,313 - DEBUG - epoch: 0:  8.772
2019-05-31 17:17:56,410 - DEBUG - epoch: 5:  9.752
2019-05-31 17:17:58,479 - DEBUG - epoch: 10:  17.368
2019-05-31 17:18:00,547 - DEBUG - epoch: 15:  9.767
2019-05-31 17:18:02,603 - DEBUG - epoch: 20:  11.823
2019-05-31 17:18:03,094 - INFO - epoch: 21:  11.823
2019-05-31 17:18:03,149 - INFO - Accuracy on Test: 12.05
2019-05-31 17:18:03,150 - DEBUG - ---------------------------------------------------------------------
2019-05-31 17:18:08,947 - INFO - learning rate=0.3 momentum update=0.99 minibatch=100
2019-05-31 17:18:09,349 - DEBUG - epoch: 0:  8.61
2019-05-31 17:18:11,528 - DEBUG - epoch: 5:  7.088
2019-05-31 17:18:13,684 - DEBUG - epoch: 10:  10.218
2019-05-31 17:18:15,787 - DEBUG - epoch: 15:  10.218
2019-05-31 17:18:17,938 - DEBUG - epoch: 20:  10.218
2019-05-31 17:18:18,435 - INFO - epoch: 21:  10.218
2019-05-31 17:18:18,488 - INFO - Accuracy on Test: 10.1
2019-05-31 17:18:18,488 - DEBUG - ---------------------------------------------------------------------
2019-05-31 17:19:26,642 - INFO - learning rate=0.003 momentum update=0.99 minibatch=100
2019-05-31 17:19:27,040 - DEBUG - epoch: 0:  9.737
2019-05-31 17:19:29,146 - DEBUG - epoch: 5:  9.737
2019-05-31 17:19:31,320 - DEBUG - epoch: 10:  9.752
2019-05-31 17:19:33,476 - DEBUG - epoch: 15:  9.752
2019-05-31 17:19:35,537 - DEBUG - epoch: 20:  9.752
2019-05-31 17:19:36,029 - INFO - epoch: 21:  9.752
2019-05-31 17:19:36,079 - INFO - Accuracy on Test: 9.74
2019-05-31 17:19:36,080 - DEBUG - ---------------------------------------------------------------------
2019-05-31 17:19:49,819 - INFO - learning rate=0.003 momentum update=0.99 minibatch=100
2019-05-31 17:19:50,254 - DEBUG - epoch: 0:  9.752
2019-05-31 17:19:52,327 - DEBUG - epoch: 5:  9.752
2019-05-31 17:19:54,380 - DEBUG - epoch: 10:  10.052
2019-05-31 17:19:56,436 - DEBUG - epoch: 15:  9.752
2019-05-31 17:19:58,500 - DEBUG - epoch: 20:  9.752
2019-05-31 17:20:00,567 - DEBUG - epoch: 25:  9.752
2019-05-31 17:20:02,635 - DEBUG - epoch: 30:  9.752
2019-05-31 17:20:04,705 - DEBUG - epoch: 35:  9.752
2019-05-31 17:20:06,770 - DEBUG - epoch: 40:  9.752
2019-05-31 17:20:09,011 - DEBUG - epoch: 45:  9.752
2019-05-31 17:20:11,110 - DEBUG - epoch: 50:  9.752
2019-05-31 17:20:13,176 - DEBUG - epoch: 55:  9.752
2019-05-31 17:20:15,242 - DEBUG - epoch: 60:  9.753
2019-05-31 17:20:17,715 - DEBUG - epoch: 65:  9.778
2019-05-31 17:20:19,930 - DEBUG - epoch: 70:  9.812
2019-05-31 17:20:22,130 - DEBUG - epoch: 75:  9.857
2019-05-31 17:20:24,319 - DEBUG - epoch: 80:  9.908
2019-05-31 17:20:26,585 - DEBUG - epoch: 85:  9.988
2019-05-31 17:20:28,715 - DEBUG - epoch: 90:  10.085
2019-05-31 17:20:31,045 - DEBUG - epoch: 95:  10.172
2019-05-31 17:20:33,150 - DEBUG - epoch: 100:  10.25
2019-05-31 17:20:33,674 - INFO - epoch: 101:  10.25
2019-05-31 17:20:33,734 - INFO - Accuracy on Test: 10.25
2019-05-31 17:20:33,735 - DEBUG - ---------------------------------------------------------------------
2019-05-31 17:20:57,640 - INFO - learning rate=0.003 momentum update=0.99 minibatch=100
2019-05-31 17:20:58,069 - DEBUG - epoch: 0:  10.203
2019-05-31 17:21:00,147 - DEBUG - epoch: 5:  9.752
2019-05-31 17:21:02,220 - DEBUG - epoch: 10:  9.752
2019-05-31 17:21:04,314 - DEBUG - epoch: 15:  9.752
2019-05-31 17:21:06,392 - DEBUG - epoch: 20:  9.752
2019-05-31 17:21:08,469 - DEBUG - epoch: 25:  9.752
2019-05-31 17:21:10,549 - DEBUG - epoch: 30:  9.778
2019-05-31 17:21:12,665 - DEBUG - epoch: 35:  9.848
2019-05-31 17:21:14,789 - DEBUG - epoch: 40:  9.957
2019-05-31 17:21:16,898 - DEBUG - epoch: 45:  10.102
2019-05-31 17:21:19,003 - DEBUG - epoch: 50:  10.302
2019-05-31 17:21:21,079 - DEBUG - epoch: 55:  10.548
2019-05-31 17:21:23,155 - DEBUG - epoch: 60:  10.84
2019-05-31 17:21:25,232 - DEBUG - epoch: 65:  11.29
2019-05-31 17:21:27,312 - DEBUG - epoch: 70:  11.94
2019-05-31 17:21:29,388 - DEBUG - epoch: 75:  12.785
2019-05-31 17:21:31,476 - DEBUG - epoch: 80:  13.79
2019-05-31 17:21:33,561 - DEBUG - epoch: 85:  14.912
2019-05-31 17:21:35,646 - DEBUG - epoch: 90:  16.07
2019-05-31 17:21:37,734 - DEBUG - epoch: 95:  17.085
2019-05-31 17:21:39,823 - DEBUG - epoch: 100:  18.047
2019-05-31 17:21:40,324 - INFO - epoch: 101:  18.047
2019-05-31 17:21:40,378 - INFO - Accuracy on Test: 18.46
2019-05-31 17:21:40,379 - DEBUG - ---------------------------------------------------------------------
2019-05-31 17:21:58,742 - INFO - learning rate=0.003 momentum update=0.99 minibatch=100
2019-05-31 17:21:59,434 - DEBUG - epoch: 0:  9.915
2019-05-31 17:22:02,872 - DEBUG - epoch: 5:  9.838
2019-05-31 17:22:06,309 - DEBUG - epoch: 10:  9.752
2019-05-31 17:22:09,923 - DEBUG - epoch: 15:  9.752
2019-05-31 17:22:13,366 - DEBUG - epoch: 20:  9.752
2019-05-31 17:22:16,841 - DEBUG - epoch: 25:  9.82
2019-05-31 17:22:20,286 - DEBUG - epoch: 30:  10.088
2019-05-31 17:22:23,732 - DEBUG - epoch: 35:  10.617
2019-05-31 17:22:27,170 - DEBUG - epoch: 40:  11.273
2019-05-31 17:22:30,625 - DEBUG - epoch: 45:  12.067
2019-05-31 17:22:34,067 - DEBUG - epoch: 50:  13.248
2019-05-31 17:22:37,508 - DEBUG - epoch: 55:  15.142
2019-05-31 17:22:40,951 - DEBUG - epoch: 60:  17.465
2019-05-31 17:22:44,405 - DEBUG - epoch: 65:  20.018
2019-05-31 17:22:47,852 - DEBUG - epoch: 70:  22.215
2019-05-31 17:22:51,301 - DEBUG - epoch: 75:  23.825
2019-05-31 17:22:54,750 - DEBUG - epoch: 80:  24.825
2019-05-31 17:22:58,207 - DEBUG - epoch: 85:  25.367
2019-05-31 17:23:01,672 - DEBUG - epoch: 90:  25.767
2019-05-31 17:23:05,120 - DEBUG - epoch: 95:  26.08
2019-05-31 17:23:08,572 - DEBUG - epoch: 100:  26.58
2019-05-31 17:23:09,289 - INFO - epoch: 101:  26.58
2019-05-31 17:23:09,357 - INFO - Accuracy on Test: 26.61
2019-05-31 17:23:09,358 - DEBUG - ---------------------------------------------------------------------
2019-05-31 17:25:18,290 - INFO - learning rate=0.003 momentum update=0.99 minibatch=100
2019-05-31 17:25:18,691 - DEBUG - epoch: 0:  9.035
2019-05-31 17:25:20,818 - DEBUG - epoch: 5:  9.022
2019-05-31 17:25:22,881 - DEBUG - epoch: 10:  9.872
2019-05-31 17:25:24,948 - DEBUG - epoch: 15:  9.872
2019-05-31 17:25:27,008 - DEBUG - epoch: 20:  9.87
2019-05-31 17:25:27,503 - INFO - epoch: 21:  9.87
2019-05-31 17:25:27,556 - INFO - Accuracy on Test: 9.8
2019-05-31 17:25:27,557 - DEBUG - ---------------------------------------------------------------------
2019-05-31 17:26:51,570 - INFO - learning rate=0.003 momentum update=0.99 minibatch=100
2019-05-31 17:27:05,569 - INFO - learning rate=0.003 momentum update=0.99 minibatch=100
2019-05-31 19:10:32,315 - INFO - learning rate=0.003 momentum update=0.99 minibatch=100
2019-05-31 19:10:32,902 - DEBUG - epoch: 0:  87.64
2019-05-31 19:10:35,655 - DEBUG - epoch: 5:  92.442
2019-05-31 19:10:38,382 - DEBUG - epoch: 10:  93.098
2019-05-31 19:10:41,196 - DEBUG - epoch: 15:  93.462
2019-05-31 19:10:43,998 - DEBUG - epoch: 20:  93.667
2019-05-31 19:10:44,504 - INFO - epoch: 21:  93.667
2019-05-31 19:10:44,562 - INFO - Accuracy on Test: 93.39
2019-05-31 19:10:44,563 - DEBUG - ---------------------------------------------------------------------
2019-05-31 19:14:52,921 - INFO - learning rate=0.003 momentum update=0.99 minibatch=100
2019-05-31 19:15:04,408 - INFO - learning rate=0.003 momentum update=0.99 minibatch=100
2019-05-31 19:15:04,978 - DEBUG - epoch: 0:  85.888
2019-05-31 19:15:07,727 - DEBUG - epoch: 5:  91.475
2019-05-31 19:15:10,479 - DEBUG - epoch: 10:  92.037
2019-05-31 19:15:13,293 - DEBUG - epoch: 15:  92.41
2019-05-31 19:15:16,507 - DEBUG - epoch: 20:  92.585
2019-05-31 19:15:17,011 - INFO - epoch: 21:  92.585
2019-05-31 19:15:17,067 - INFO - Accuracy on Test: 92.39
2019-05-31 19:15:17,067 - DEBUG - ---------------------------------------------------------------------
2019-05-31 19:23:30,262 - INFO - learning rate=0.003 momentum update=0.99 minibatch=100
2019-05-31 19:23:59,169 - INFO - learning rate=0.003 momentum update=0.99 minibatch=100
2019-05-31 19:23:59,748 - DEBUG - epoch: 0:  86.507
2019-05-31 19:24:02,512 - DEBUG - epoch: 5:  92.305
2019-05-31 19:24:05,244 - DEBUG - epoch: 10:  93.023
2019-05-31 19:24:07,987 - DEBUG - epoch: 15:  93.313
2019-05-31 19:24:10,730 - DEBUG - epoch: 20:  93.498
2019-05-31 19:24:11,241 - INFO - epoch: 21:  93.498
2019-05-31 19:24:11,296 - INFO - Accuracy on Test: 93.35
2019-05-31 19:24:11,297 - DEBUG - ---------------------------------------------------------------------
2019-05-31 19:30:26,487 - INFO - learning rate=0.003 momentum update=0.99 minibatch=100
2019-05-31 19:30:27,030 - DEBUG - epoch: 0:  85.23
2019-05-31 19:30:29,794 - DEBUG - epoch: 5:  92.005
2019-05-31 19:30:32,649 - DEBUG - epoch: 10:  92.668
2019-05-31 19:30:35,413 - DEBUG - epoch: 15:  93.417
2019-05-31 19:30:38,157 - DEBUG - epoch: 20:  93.77
2019-05-31 19:30:38,663 - INFO - epoch: 21:  93.77
2019-05-31 19:30:38,716 - INFO - Accuracy on Test: 93.63
2019-05-31 19:30:38,717 - DEBUG - ---------------------------------------------------------------------
2019-05-31 19:32:58,502 - INFO - learning rate=0.003 momentum update=0.99 minibatch=100
2019-05-31 19:33:19,704 - INFO - learning rate=0.003 momentum update=0.99 minibatch=100
2019-05-31 19:33:20,297 - DEBUG - epoch: 0:  86.38
2019-05-31 19:33:23,077 - DEBUG - epoch: 5:  92.088
2019-05-31 19:33:25,835 - DEBUG - epoch: 10:  92.695
2019-05-31 19:33:28,610 - DEBUG - epoch: 15:  93.015
2019-05-31 19:33:31,370 - DEBUG - epoch: 20:  93.19
2019-05-31 19:33:31,877 - INFO - epoch: 21:  93.19
2019-05-31 19:33:31,933 - INFO - Accuracy on Test: 93.08
2019-05-31 19:33:31,934 - DEBUG - ---------------------------------------------------------------------
2019-05-31 19:35:36,631 - INFO - learning rate=0.003 momentum update=0.99 minibatch=100
2019-05-31 19:35:37,157 - DEBUG - epoch: 0:  86.255
2019-05-31 19:35:39,904 - DEBUG - epoch: 5:  91.868
2019-05-31 19:35:42,649 - DEBUG - epoch: 10:  92.48
2019-05-31 19:35:45,390 - DEBUG - epoch: 15:  92.842
2019-05-31 19:35:48,126 - DEBUG - epoch: 20:  93.21
2019-05-31 19:35:48,631 - INFO - epoch: 21:  93.21
2019-05-31 19:35:48,686 - INFO - Accuracy on Test: 92.99
2019-05-31 19:35:48,686 - DEBUG - ---------------------------------------------------------------------
2019-05-31 22:34:56,026 - INFO - learning rate=0.003 momentum update=0.99 minibatch=100
2019-05-31 22:34:56,618 - DEBUG - epoch: 0:  86.877
2019-05-31 22:34:59,490 - DEBUG - epoch: 5:  90.993
2019-05-31 22:35:02,490 - DEBUG - epoch: 10:  91.792
2019-05-31 22:35:05,582 - DEBUG - epoch: 15:  92.138
2019-05-31 22:35:08,554 - DEBUG - epoch: 20:  92.565
2019-05-31 22:35:09,071 - INFO - epoch: 21:  92.565
2019-05-31 22:35:09,121 - INFO - Accuracy on Test: 92.41
2019-05-31 22:35:09,122 - DEBUG - ---------------------------------------------------------------------
2019-05-31 22:35:59,070 - INFO - learning rate=0.003 momentum update=0.99 minibatch=100
2019-05-31 22:39:46,778 - INFO - learning rate=0.003 momentum update=0.99 minibatch=100
2019-05-31 22:39:47,356 - DEBUG - epoch: 0:  85.912
2019-05-31 22:39:50,134 - DEBUG - epoch: 5:  92.222
2019-05-31 22:39:52,932 - DEBUG - epoch: 10:  93.3
2019-05-31 22:39:55,996 - DEBUG - epoch: 15:  93.602
2019-05-31 22:39:58,748 - DEBUG - epoch: 20:  93.81
2019-05-31 22:39:59,261 - INFO - epoch: 21:  93.81
2019-05-31 22:39:59,315 - INFO - Accuracy on Test: 93.57
2019-05-31 22:39:59,315 - DEBUG - ---------------------------------------------------------------------
2019-05-31 22:52:14,049 - INFO - learning rate=0.003 momentum update=0.99 minibatch=100
2019-05-31 22:52:57,881 - INFO - learning rate=0.003 momentum update=0.99 minibatch=100
2019-05-31 22:53:16,003 - INFO - learning rate=0.003 momentum update=0.99 minibatch=100
2019-05-31 22:53:16,563 - DEBUG - epoch: 0:  10.442
2019-05-31 22:53:19,285 - DEBUG - epoch: 5:  10.442
2019-05-31 22:53:21,985 - DEBUG - epoch: 10:  10.442
2019-05-31 22:53:24,677 - DEBUG - epoch: 15:  10.442
2019-05-31 22:53:27,388 - DEBUG - epoch: 20:  28.752
2019-05-31 22:53:27,886 - INFO - epoch: 21:  28.752
2019-05-31 22:53:27,947 - INFO - Accuracy on Test: 29.16
2019-05-31 22:53:27,947 - DEBUG - ---------------------------------------------------------------------
2019-05-31 22:53:49,422 - INFO - learning rate=0.003 momentum update=0.99 minibatch=100
2019-05-31 22:53:49,997 - DEBUG - epoch: 0:  9.915
2019-05-31 22:53:52,698 - DEBUG - epoch: 5:  9.915
2019-05-31 22:53:55,369 - DEBUG - epoch: 10:  9.915
2019-05-31 22:53:58,044 - DEBUG - epoch: 15:  9.915
2019-05-31 22:54:00,718 - DEBUG - epoch: 20:  9.915
2019-05-31 22:54:01,216 - INFO - epoch: 21:  9.915
2019-05-31 22:54:01,271 - INFO - Accuracy on Test: 10.09
2019-05-31 22:54:01,272 - DEBUG - ---------------------------------------------------------------------
2019-05-31 22:54:07,399 - INFO - learning rate=0.003 momentum update=0.99 minibatch=100
2019-05-31 22:54:07,965 - DEBUG - epoch: 0:  10.442
2019-05-31 22:54:10,700 - DEBUG - epoch: 5:  10.442
2019-05-31 22:54:13,408 - DEBUG - epoch: 10:  10.442
2019-05-31 22:54:16,118 - DEBUG - epoch: 15:  10.442
2019-05-31 22:54:18,822 - DEBUG - epoch: 20:  10.442
2019-05-31 22:54:19,318 - INFO - epoch: 21:  10.442
2019-05-31 22:54:19,373 - INFO - Accuracy on Test: 10.28
2019-05-31 22:54:19,374 - DEBUG - ---------------------------------------------------------------------
2019-05-31 22:56:19,339 - INFO - learning rate=0.003 momentum update=0.99 minibatch=100
2019-05-31 22:56:49,251 - INFO - learning rate=0.003 momentum update=0.99 minibatch=100
2019-05-31 22:56:49,828 - DEBUG - epoch: 0:  87.093
2019-05-31 22:56:52,587 - DEBUG - epoch: 5:  92.402
2019-05-31 22:56:55,322 - DEBUG - epoch: 10:  93.135
2019-05-31 22:56:58,060 - DEBUG - epoch: 15:  93.523
2019-05-31 22:57:00,789 - DEBUG - epoch: 20:  93.803
2019-05-31 22:57:01,297 - INFO - epoch: 21:  93.803
2019-05-31 22:57:01,357 - INFO - Accuracy on Test: 93.48
2019-05-31 22:57:01,358 - DEBUG - ---------------------------------------------------------------------
2019-05-31 22:59:05,375 - INFO - learning rate=0.003 momentum update=0.99 minibatch=100
2019-05-31 22:59:05,925 - DEBUG - epoch: 0:  82.808
2019-05-31 22:59:08,689 - DEBUG - epoch: 5:  91.103
2019-05-31 22:59:11,430 - DEBUG - epoch: 10:  92.017
2019-05-31 22:59:14,166 - DEBUG - epoch: 15:  92.31
2019-05-31 22:59:16,896 - DEBUG - epoch: 20:  92.522
2019-05-31 22:59:17,406 - INFO - epoch: 21:  92.522
2019-05-31 22:59:17,461 - INFO - Accuracy on Test: 92.21
2019-05-31 22:59:17,461 - DEBUG - ---------------------------------------------------------------------
2019-05-31 23:23:49,952 - INFO - learning rate=0.003 momentum update=0.99 minibatch=100
2019-05-31 23:23:50,493 - DEBUG - epoch: 0:  84.943
2019-05-31 23:23:53,238 - DEBUG - epoch: 5:  91.197
2019-05-31 23:23:55,978 - DEBUG - epoch: 10:  92.155
2019-05-31 23:23:58,883 - DEBUG - epoch: 15:  92.613
2019-05-31 23:24:01,720 - DEBUG - epoch: 20:  92.987
2019-05-31 23:24:02,241 - INFO - epoch: 21:  92.987
2019-05-31 23:24:02,294 - INFO - Accuracy on Test: 92.96
2019-05-31 23:24:02,295 - DEBUG - ---------------------------------------------------------------------
2019-05-31 23:24:09,311 - INFO - learning rate=0.003 momentum update=0.99 minibatch=100
2019-05-31 23:25:32,971 - INFO - learning rate=0.003 momentum update=0.99 minibatch=100
2019-05-31 23:28:51,654 - INFO - learning rate=0.003 momentum update=0.99 minibatch=100
2019-05-31 23:28:52,286 - DEBUG - epoch: 0:  23.943
2019-05-31 23:28:55,244 - DEBUG - epoch: 5:  86.947
2019-05-31 23:28:58,182 - DEBUG - epoch: 10:  89.92
2019-05-31 23:29:01,129 - DEBUG - epoch: 15:  91.638
2019-05-31 23:29:04,064 - DEBUG - epoch: 20:  92.268
2019-05-31 23:29:04,566 - INFO - epoch: 21:  92.268
2019-05-31 23:29:04,622 - INFO - Accuracy on Test: 91.5
2019-05-31 23:29:04,623 - DEBUG - ---------------------------------------------------------------------
2019-05-31 23:29:29,212 - INFO - learning rate=0.003 momentum update=0.99 minibatch=100
2019-05-31 23:29:30,617 - DEBUG - epoch: 0:  23.587
2019-05-31 23:29:36,919 - DEBUG - epoch: 5:  94.475
2019-05-31 23:29:43,239 - DEBUG - epoch: 10:  96.647
2019-05-31 23:29:49,569 - DEBUG - epoch: 15:  97.53
2019-05-31 23:29:55,898 - DEBUG - epoch: 20:  97.955
2019-05-31 23:29:56,689 - INFO - epoch: 21:  97.955
2019-05-31 23:29:56,767 - INFO - Accuracy on Test: 96.89
2019-05-31 23:29:56,768 - DEBUG - ---------------------------------------------------------------------
2019-05-31 23:30:11,001 - INFO - learning rate=0.003 momentum update=0.99 minibatch=100
2019-05-31 23:30:12,802 - DEBUG - epoch: 0:  21.588
2019-05-31 23:30:21,857 - DEBUG - epoch: 5:  94.97
2019-05-31 23:30:30,936 - DEBUG - epoch: 10:  97.29
2019-05-31 23:30:39,977 - DEBUG - epoch: 15:  98.108
2019-05-31 23:30:49,023 - DEBUG - epoch: 20:  98.428
2019-05-31 23:30:50,061 - INFO - epoch: 21:  98.428
2019-05-31 23:30:50,156 - INFO - Accuracy on Test: 97.3
2019-05-31 23:30:50,157 - DEBUG - ---------------------------------------------------------------------
2019-05-31 23:31:11,272 - INFO - learning rate=0.003 momentum update=0.99 minibatch=100
2019-05-31 23:31:15,263 - DEBUG - epoch: 0:  29.393
2019-05-31 23:31:32,071 - DEBUG - epoch: 5:  96.165
2019-05-31 23:31:48,751 - DEBUG - epoch: 10:  97.947
2019-05-31 23:32:05,549 - DEBUG - epoch: 15:  98.573
2019-05-31 23:32:22,369 - DEBUG - epoch: 20:  98.892
2019-05-31 23:32:24,160 - INFO - epoch: 21:  98.892
2019-05-31 23:32:24,304 - INFO - Accuracy on Test: 97.68
2019-05-31 23:32:24,305 - DEBUG - ---------------------------------------------------------------------
2019-05-31 23:32:42,360 - INFO - learning rate=0.003 momentum update=0.99 minibatch=100
2019-05-31 23:32:45,698 - DEBUG - epoch: 0:  29.338
2019-05-31 23:33:02,542 - DEBUG - epoch: 5:  96.433
2019-05-31 23:33:19,526 - DEBUG - epoch: 10:  98.163
2019-05-31 23:33:36,368 - DEBUG - epoch: 15:  98.878
2019-05-31 23:33:53,191 - DEBUG - epoch: 20:  99.163
2019-05-31 23:34:09,976 - DEBUG - epoch: 25:  99.34
2019-05-31 23:34:26,757 - DEBUG - epoch: 30:  99.46
2019-05-31 23:34:43,607 - DEBUG - epoch: 35:  99.517
2019-05-31 23:35:00,406 - DEBUG - epoch: 40:  99.547
2019-05-31 23:35:17,201 - DEBUG - epoch: 45:  99.568
2019-05-31 23:35:34,061 - DEBUG - epoch: 50:  99.577
2019-05-31 23:35:50,879 - DEBUG - epoch: 55:  99.597
2019-05-31 23:36:07,698 - DEBUG - epoch: 60:  99.608
2019-05-31 23:36:25,297 - DEBUG - epoch: 65:  99.618
2019-05-31 23:36:42,205 - DEBUG - epoch: 70:  99.622
2019-05-31 23:36:59,194 - DEBUG - epoch: 75:  99.627
2019-05-31 23:37:16,146 - DEBUG - epoch: 80:  99.632
2019-05-31 23:37:33,016 - DEBUG - epoch: 85:  99.637
2019-05-31 23:37:49,911 - DEBUG - epoch: 90:  99.638
2019-05-31 23:38:16,824 - DEBUG - epoch: 95:  99.645
2019-05-31 23:38:34,400 - DEBUG - epoch: 100:  99.65
2019-05-31 23:38:36,235 - INFO - epoch: 101:  99.65
2019-05-31 23:38:36,537 - INFO - Accuracy on Test: 98.18
2019-05-31 23:38:36,538 - DEBUG - ---------------------------------------------------------------------
2019-05-31 23:40:58,432 - INFO - learning rate=0.003 momentum update=0.99 minibatch=100
2019-05-31 23:41:02,898 - DEBUG - epoch: 0:  32.795
2019-05-31 23:41:26,369 - DEBUG - epoch: 5:  96.638
2019-05-31 23:41:49,712 - DEBUG - epoch: 10:  98.375
2019-05-31 23:42:13,150 - DEBUG - epoch: 15:  98.983
2019-05-31 23:42:36,474 - DEBUG - epoch: 20:  99.232
2019-05-31 23:42:59,776 - DEBUG - epoch: 25:  99.39
2019-05-31 23:43:23,174 - DEBUG - epoch: 30:  99.493
2019-05-31 23:43:46,515 - DEBUG - epoch: 35:  99.562
2019-05-31 23:44:09,866 - DEBUG - epoch: 40:  99.592
2019-05-31 23:44:33,313 - DEBUG - epoch: 45:  99.612
2019-05-31 23:44:57,310 - DEBUG - epoch: 50:  99.627
2019-05-31 23:45:21,064 - DEBUG - epoch: 55:  99.643
2019-05-31 23:45:44,665 - DEBUG - epoch: 60:  99.655
2019-05-31 23:46:08,312 - DEBUG - epoch: 65:  99.66
2019-05-31 23:46:31,926 - DEBUG - epoch: 70:  99.662
2019-05-31 23:46:55,568 - DEBUG - epoch: 75:  99.667
2019-05-31 23:47:19,725 - DEBUG - epoch: 80:  99.668
2019-05-31 23:47:44,440 - DEBUG - epoch: 85:  99.677
2019-05-31 23:48:10,058 - DEBUG - epoch: 90:  99.678
2019-05-31 23:48:36,915 - DEBUG - epoch: 95:  99.687
2019-05-31 23:49:03,249 - DEBUG - epoch: 100:  99.688
2019-05-31 23:49:05,750 - INFO - epoch: 101:  99.688
2019-05-31 23:49:05,961 - INFO - Accuracy on Test: 98.18
2019-05-31 23:49:05,962 - DEBUG - ---------------------------------------------------------------------
2019-05-31 23:49:28,523 - INFO - learning rate=0.003 momentum update=0.99 minibatch=100
2019-05-31 23:49:29,652 - INFO - epoch: 101:  11.277
2019-05-31 23:49:29,842 - INFO - Accuracy on Test: 11.38
2019-05-31 23:49:29,842 - DEBUG - ---------------------------------------------------------------------
2019-05-31 23:49:50,987 - INFO - learning rate=0.003 momentum update=0.99 minibatch=100
2019-05-31 23:49:54,920 - DEBUG - epoch: 0:  90.078
2019-05-31 23:50:15,184 - DEBUG - epoch: 5:  96.418
2019-05-31 23:50:35,348 - DEBUG - epoch: 10:  97.75
2019-05-31 23:50:55,502 - DEBUG - epoch: 15:  98.397
2019-05-31 23:51:15,794 - DEBUG - epoch: 20:  98.725
2019-05-31 23:51:35,972 - DEBUG - epoch: 25:  98.93
2019-05-31 23:51:56,823 - DEBUG - epoch: 30:  99.075
2019-05-31 23:52:19,422 - DEBUG - epoch: 35:  99.163
2019-05-31 23:52:41,885 - DEBUG - epoch: 40:  99.258
2019-05-31 23:53:04,651 - DEBUG - epoch: 45:  99.32
2019-05-31 23:53:27,431 - DEBUG - epoch: 50:  99.388
2019-05-31 23:53:50,229 - DEBUG - epoch: 55:  99.422
2019-05-31 23:54:12,952 - DEBUG - epoch: 60:  99.448
2019-05-31 23:54:35,652 - DEBUG - epoch: 65:  99.477
2019-05-31 23:54:58,536 - DEBUG - epoch: 70:  99.5
2019-05-31 23:55:21,258 - DEBUG - epoch: 75:  99.522
2019-05-31 23:55:45,068 - DEBUG - epoch: 80:  99.53
2019-05-31 23:56:09,327 - DEBUG - epoch: 85:  99.55
2019-05-31 23:56:33,995 - DEBUG - epoch: 90:  99.562
2019-05-31 23:56:57,601 - DEBUG - epoch: 95:  99.572
2019-05-31 23:57:21,317 - DEBUG - epoch: 100:  99.58
2019-05-31 23:57:23,677 - INFO - epoch: 101:  99.58
2019-05-31 23:57:23,891 - INFO - Accuracy on Test: 98.32
2019-05-31 23:57:23,892 - DEBUG - ---------------------------------------------------------------------
2019-06-01 00:01:35,980 - INFO - learning rate=0.003 momentum update=0.99 minibatch=100
2019-06-01 00:01:36,639 - DEBUG - epoch: 0:  11.237
2019-06-01 00:01:39,566 - DEBUG - epoch: 5:  21.567
2019-06-01 00:01:42,492 - DEBUG - epoch: 10:  84.82
2019-06-01 00:01:45,437 - DEBUG - epoch: 15:  90.272
2019-06-01 00:01:48,379 - DEBUG - epoch: 20:  91.62
2019-06-01 00:01:51,322 - DEBUG - epoch: 25:  92.242
2019-06-01 00:01:54,262 - DEBUG - epoch: 30:  92.38
2019-06-01 00:01:57,256 - DEBUG - epoch: 35:  92.407
2019-06-01 00:02:00,246 - DEBUG - epoch: 40:  92.515
2019-06-01 00:02:03,185 - DEBUG - epoch: 45:  92.518
2019-06-01 00:02:06,123 - DEBUG - epoch: 50:  92.555
2019-06-01 00:02:09,054 - DEBUG - epoch: 55:  92.7
2019-06-01 00:02:11,994 - DEBUG - epoch: 60:  92.753
2019-06-01 00:02:14,927 - DEBUG - epoch: 65:  92.688
2019-06-01 00:02:17,889 - DEBUG - epoch: 70:  92.912
2019-06-01 00:02:20,926 - DEBUG - epoch: 75:  92.837
2019-06-01 00:02:23,862 - DEBUG - epoch: 80:  92.97
2019-06-01 00:02:26,793 - DEBUG - epoch: 85:  92.935
2019-06-01 00:02:29,721 - DEBUG - epoch: 90:  93.022
2019-06-01 00:02:32,651 - DEBUG - epoch: 95:  93.067
2019-06-01 00:02:35,589 - DEBUG - epoch: 100:  93.065
2019-06-01 00:02:36,096 - INFO - epoch: 101:  93.065
2019-06-01 00:02:36,150 - INFO - Accuracy on Test: 91.75
2019-06-01 00:02:36,151 - DEBUG - ---------------------------------------------------------------------
2019-06-01 00:02:52,893 - INFO - learning rate=0.003 momentum update=0.99 minibatch=100
2019-06-01 00:02:56,529 - DEBUG - epoch: 0:  21.402
2019-06-01 00:03:15,582 - DEBUG - epoch: 5:  96.485
2019-06-01 00:03:34,504 - DEBUG - epoch: 10:  98.337
2019-06-01 00:03:53,422 - DEBUG - epoch: 15:  98.93
2019-06-01 00:04:12,432 - DEBUG - epoch: 20:  99.213
2019-06-01 00:04:31,363 - DEBUG - epoch: 25:  99.385
2019-06-01 00:04:50,298 - DEBUG - epoch: 30:  99.447
2019-06-01 00:05:09,258 - DEBUG - epoch: 35:  99.533
2019-06-01 00:05:28,192 - DEBUG - epoch: 40:  99.57
2019-06-01 00:05:47,131 - DEBUG - epoch: 45:  99.587
2019-06-01 00:06:06,371 - DEBUG - epoch: 50:  99.612
2019-06-01 00:06:26,793 - DEBUG - epoch: 55:  99.625
2019-06-01 00:06:47,519 - DEBUG - epoch: 60:  99.635
2019-06-01 00:07:08,308 - DEBUG - epoch: 65:  99.643
2019-06-01 00:07:29,089 - DEBUG - epoch: 70:  99.65
2019-06-01 00:07:50,024 - DEBUG - epoch: 75:  99.658
2019-06-01 00:08:10,791 - DEBUG - epoch: 80:  99.667
2019-06-01 00:08:31,542 - DEBUG - epoch: 85:  99.668
2019-06-01 00:08:52,328 - DEBUG - epoch: 90:  99.672
2019-06-01 00:09:13,083 - DEBUG - epoch: 95:  99.678
2019-06-01 00:09:33,965 - DEBUG - epoch: 100:  99.68
2019-06-01 00:09:36,121 - INFO - epoch: 101:  99.68
2019-06-01 00:09:36,320 - INFO - Accuracy on Test: 98.04
2019-06-01 00:09:36,321 - DEBUG - ---------------------------------------------------------------------
2019-06-01 00:10:27,063 - INFO - learning rate=0.003 momentum update=0.99 minibatch=100
2019-06-01 00:10:30,987 - DEBUG - epoch: 0:  30.532
2019-06-01 00:10:51,401 - DEBUG - epoch: 5:  96.497
2019-06-01 00:11:11,757 - DEBUG - epoch: 10:  98.138
2019-06-01 00:11:32,234 - DEBUG - epoch: 15:  98.898
2019-06-01 00:11:54,522 - DEBUG - epoch: 20:  99.227
2019-06-01 00:12:17,754 - DEBUG - epoch: 25:  99.42
2019-06-01 00:12:42,936 - DEBUG - epoch: 30:  99.497
2019-06-01 00:12:48,475 - INFO - learning rate=0.003 momentum update=0.99 minibatch=100
2019-06-01 00:12:49,099 - DEBUG - epoch: 0:  11.328
2019-06-01 00:12:52,476 - DEBUG - epoch: 5:  78.228
2019-06-01 00:12:55,779 - DEBUG - epoch: 10:  91.367
2019-06-01 00:12:58,956 - DEBUG - epoch: 15:  92.253
2019-06-01 00:13:02,142 - DEBUG - epoch: 20:  92.702
2019-06-01 00:13:05,329 - DEBUG - epoch: 25:  93.122
2019-06-01 00:13:08,461 - DEBUG - epoch: 30:  93.263
2019-06-01 00:13:11,589 - DEBUG - epoch: 35:  93.525
2019-06-01 00:13:14,774 - DEBUG - epoch: 40:  93.53
2019-06-01 00:13:18,000 - DEBUG - epoch: 45:  93.593
2019-06-01 00:13:21,140 - DEBUG - epoch: 50:  93.745
2019-06-01 00:13:24,265 - DEBUG - epoch: 55:  93.78
2019-06-01 00:13:27,399 - DEBUG - epoch: 60:  93.86
2019-06-01 00:13:30,538 - DEBUG - epoch: 65:  93.96
2019-06-01 00:13:33,665 - DEBUG - epoch: 70:  93.962
2019-06-01 00:13:36,808 - DEBUG - epoch: 75:  94.065
2019-06-01 00:13:39,936 - DEBUG - epoch: 80:  94.098
2019-06-01 00:13:43,061 - DEBUG - epoch: 85:  94.155
2019-06-01 00:13:46,193 - DEBUG - epoch: 90:  94.207
2019-06-01 00:13:49,315 - DEBUG - epoch: 95:  94.173
2019-06-01 00:13:52,453 - DEBUG - epoch: 100:  94.165
2019-06-01 00:13:55,599 - DEBUG - epoch: 105:  94.213
2019-06-01 00:13:58,728 - DEBUG - epoch: 110:  94.243
2019-06-01 00:14:01,853 - DEBUG - epoch: 115:  94.238
2019-06-01 00:14:04,988 - DEBUG - epoch: 120:  94.255
2019-06-01 00:14:08,122 - DEBUG - epoch: 125:  94.332
2019-06-01 00:14:11,263 - DEBUG - epoch: 130:  94.317
2019-06-01 00:14:14,395 - DEBUG - epoch: 135:  94.287
2019-06-01 00:14:17,527 - DEBUG - epoch: 140:  94.298
2019-06-01 00:14:20,656 - DEBUG - epoch: 145:  94.283
2019-06-01 00:14:23,794 - DEBUG - epoch: 150:  94.372
2019-06-01 00:14:26,926 - DEBUG - epoch: 155:  94.417
2019-06-01 00:14:30,061 - DEBUG - epoch: 160:  94.438
2019-06-01 00:14:33,206 - DEBUG - epoch: 165:  94.503
2019-06-01 00:14:36,334 - DEBUG - epoch: 170:  94.48
2019-06-01 00:14:39,469 - DEBUG - epoch: 175:  94.495
2019-06-01 00:14:42,604 - DEBUG - epoch: 180:  94.485
2019-06-01 00:14:45,730 - DEBUG - epoch: 185:  94.583
2019-06-01 00:14:48,864 - DEBUG - epoch: 190:  94.635
2019-06-01 00:14:52,004 - DEBUG - epoch: 195:  94.637
2019-06-01 00:14:55,136 - DEBUG - epoch: 200:  94.672
2019-06-01 00:14:55,679 - INFO - epoch: 201:  94.672
2019-06-01 00:14:55,739 - INFO - Accuracy on Test: 92.39
2019-06-01 00:14:55,740 - DEBUG - ---------------------------------------------------------------------
2019-06-01 00:18:38,976 - INFO - learning rate=0.003 momentum update=0.99 minibatch=100
2019-06-01 00:18:42,931 - DEBUG - epoch: 0:  34.45
2019-06-01 00:19:03,270 - DEBUG - epoch: 5:  96.558
2019-06-01 00:19:23,783 - DEBUG - epoch: 10:  98.297
2019-06-01 00:19:44,507 - DEBUG - epoch: 15:  98.852
2019-06-01 00:20:04,905 - DEBUG - epoch: 20:  99.163
2019-06-01 00:20:25,245 - DEBUG - epoch: 25:  99.368
2019-06-01 00:20:45,598 - DEBUG - epoch: 30:  99.498
2019-06-01 00:21:05,945 - DEBUG - epoch: 35:  99.555
2019-06-01 00:21:26,570 - DEBUG - epoch: 40:  99.59
2019-06-01 00:21:46,953 - DEBUG - epoch: 45:  99.618
2019-06-01 00:22:07,397 - DEBUG - epoch: 50:  99.633
2019-06-01 00:22:27,820 - DEBUG - epoch: 55:  99.648
2019-06-01 00:22:50,920 - DEBUG - epoch: 60:  99.665
2019-06-01 00:23:13,413 - DEBUG - epoch: 65:  99.677
2019-06-01 00:23:35,912 - DEBUG - epoch: 70:  99.682
2019-06-01 00:23:58,253 - DEBUG - epoch: 75:  99.69
2019-06-01 00:24:20,689 - DEBUG - epoch: 80:  99.693
2019-06-01 00:24:43,036 - DEBUG - epoch: 85:  99.702
2019-06-01 00:25:05,377 - DEBUG - epoch: 90:  99.705
2019-06-01 00:25:27,755 - DEBUG - epoch: 95:  99.712
2019-06-01 00:25:50,089 - DEBUG - epoch: 100:  99.722
2019-06-01 00:26:12,616 - DEBUG - epoch: 105:  99.727
2019-06-01 00:26:34,948 - DEBUG - epoch: 110:  99.733
2019-06-01 00:26:57,946 - DEBUG - epoch: 115:  99.735
2019-06-01 00:27:20,630 - DEBUG - epoch: 120:  99.737
2019-06-01 00:27:43,417 - DEBUG - epoch: 125:  99.74
2019-06-01 00:28:07,411 - DEBUG - epoch: 130:  99.74
2019-06-01 00:28:31,127 - DEBUG - epoch: 135:  99.74
2019-06-01 00:28:54,872 - DEBUG - epoch: 140:  99.745
2019-06-01 00:29:18,584 - DEBUG - epoch: 145:  99.747
2019-06-01 00:29:42,308 - DEBUG - epoch: 150:  99.748
2019-06-01 00:30:06,043 - DEBUG - epoch: 155:  99.753
2019-06-01 00:30:29,790 - DEBUG - epoch: 160:  99.753
2019-06-01 00:30:53,524 - DEBUG - epoch: 165:  99.755
2019-06-01 00:31:17,272 - DEBUG - epoch: 170:  99.755
2019-06-01 00:31:40,920 - DEBUG - epoch: 175:  99.757
2019-06-01 00:32:04,724 - DEBUG - epoch: 180:  99.757
2019-06-01 00:32:28,448 - DEBUG - epoch: 185:  99.758
2019-06-01 00:32:51,693 - DEBUG - epoch: 190:  99.76
2019-06-01 00:33:14,823 - DEBUG - epoch: 195:  99.76
2019-06-01 00:33:37,467 - DEBUG - epoch: 200:  99.76
2019-06-01 00:33:39,687 - INFO - epoch: 201:  99.76
2019-06-01 00:33:39,885 - INFO - Accuracy on Test: 98.14
2019-06-01 00:33:39,886 - DEBUG - ---------------------------------------------------------------------
