2019-06-01 19:05:46,266 - INFO - learning rate=0.003 momentum update=0.99 minibatch=100
2019-06-01 19:06:19,590 - INFO - learning rate=0.003 momentum update=0.99 minibatch=100
2019-06-01 19:07:23,125 - INFO - learning rate=0.003 momentum update=0.99 minibatch=100
2019-06-01 19:07:23,923 - DEBUG - epoch: 0:  22.975
2019-06-01 19:07:27,012 - DEBUG - epoch: 5:  40.135
2019-06-01 19:07:30,084 - DEBUG - epoch: 10:  89.627
2019-06-01 19:07:33,177 - DEBUG - epoch: 15:  91.685
2019-06-01 19:07:36,260 - DEBUG - epoch: 20:  92.485
2019-06-01 19:07:39,345 - DEBUG - epoch: 25:  92.872
2019-06-01 19:07:42,429 - DEBUG - epoch: 30:  93.165
2019-06-01 19:07:45,510 - DEBUG - epoch: 35:  93.24
2019-06-01 19:07:48,599 - DEBUG - epoch: 40:  93.458
2019-06-01 19:07:51,824 - DEBUG - epoch: 45:  93.528
2019-06-01 19:07:55,066 - DEBUG - epoch: 50:  93.715
2019-06-01 19:07:58,228 - DEBUG - epoch: 55:  93.812
2019-06-01 19:08:01,543 - DEBUG - epoch: 60:  93.8
2019-06-01 19:08:05,136 - DEBUG - epoch: 65:  93.933
2019-06-01 19:08:08,539 - DEBUG - epoch: 70:  94.017
2019-06-01 19:08:11,920 - DEBUG - epoch: 75:  94.097
2019-06-01 19:08:15,185 - DEBUG - epoch: 80:  94.092
2019-06-01 19:08:18,359 - DEBUG - epoch: 85:  94.102
2019-06-01 19:08:21,527 - DEBUG - epoch: 90:  94.187
2019-06-01 19:08:24,810 - DEBUG - epoch: 95:  94.298
2019-06-01 19:08:28,029 - DEBUG - epoch: 100:  94.262
2019-06-01 19:08:31,222 - DEBUG - epoch: 105:  94.352
2019-06-01 19:08:34,397 - DEBUG - epoch: 110:  94.262
2019-06-01 19:08:37,550 - DEBUG - epoch: 115:  94.312
2019-06-01 19:08:40,741 - DEBUG - epoch: 120:  94.423
2019-06-01 19:08:43,869 - DEBUG - epoch: 125:  94.42
2019-06-01 19:08:47,004 - DEBUG - epoch: 130:  94.432
2019-06-01 19:08:50,142 - DEBUG - epoch: 135:  94.453
2019-06-01 19:08:53,279 - DEBUG - epoch: 140:  94.535
2019-06-01 19:08:56,429 - DEBUG - epoch: 145:  94.49
2019-06-01 19:08:59,577 - DEBUG - epoch: 150:  94.635
2019-06-01 19:09:02,716 - DEBUG - epoch: 155:  94.668
2019-06-01 19:09:05,855 - DEBUG - epoch: 160:  94.722
2019-06-01 19:09:08,993 - DEBUG - epoch: 165:  94.747
2019-06-01 19:09:12,531 - DEBUG - epoch: 170:  94.802
2019-06-01 19:09:15,811 - DEBUG - epoch: 175:  94.802
2019-06-01 19:09:19,327 - DEBUG - epoch: 180:  94.788
2019-06-01 19:09:22,517 - DEBUG - epoch: 185:  94.802
2019-06-01 19:09:25,723 - DEBUG - epoch: 190:  94.763
2019-06-01 19:09:28,898 - DEBUG - epoch: 195:  94.822
2019-06-01 19:09:32,029 - INFO - epoch: 200:  94.805
2019-06-01 19:09:32,086 - INFO - Accuracy on Test: 93.14
2019-06-01 19:09:32,087 - DEBUG - ---------------------------------------------------------------------
2019-06-01 19:10:20,528 - INFO - learning rate=0.003 momentum update=0.99 minibatch=100
2019-06-01 19:10:21,187 - DEBUG - epoch: 0:  20.977
2019-06-01 19:10:24,236 - DEBUG - epoch: 5:  88.46
2019-06-01 19:10:27,272 - DEBUG - epoch: 10:  91.637
2019-06-01 19:10:30,329 - DEBUG - epoch: 15:  92.592
2019-06-01 19:10:33,374 - DEBUG - epoch: 20:  93.103
2019-06-01 19:10:36,411 - DEBUG - epoch: 25:  93.467
2019-06-01 19:10:39,450 - DEBUG - epoch: 30:  93.65
2019-06-01 19:10:42,486 - DEBUG - epoch: 35:  93.757
2019-06-01 19:10:45,527 - DEBUG - epoch: 40:  93.772
2019-06-01 19:10:48,574 - DEBUG - epoch: 45:  93.682
2019-06-01 19:10:51,613 - DEBUG - epoch: 50:  93.658
2019-06-01 19:10:54,654 - DEBUG - epoch: 55:  93.612
2019-06-01 19:10:57,699 - DEBUG - epoch: 60:  93.855
2019-06-01 19:11:00,742 - DEBUG - epoch: 65:  93.885
2019-06-01 19:11:03,784 - DEBUG - epoch: 70:  93.835
2019-06-01 19:11:06,823 - DEBUG - epoch: 75:  93.812
2019-06-01 19:11:09,874 - DEBUG - epoch: 80:  94.157
2019-06-01 19:11:12,912 - DEBUG - epoch: 85:  94.047
2019-06-01 19:11:15,952 - DEBUG - epoch: 90:  94.167
2019-06-01 19:11:19,000 - DEBUG - epoch: 95:  94.252
2019-06-01 19:11:22,044 - DEBUG - epoch: 100:  94.478
2019-06-01 19:11:25,085 - DEBUG - epoch: 105:  94.475
2019-06-01 19:11:28,127 - DEBUG - epoch: 110:  94.525
2019-06-01 19:11:31,169 - DEBUG - epoch: 115:  94.583
2019-06-01 19:11:34,218 - DEBUG - epoch: 120:  94.502
2019-06-01 19:11:37,262 - DEBUG - epoch: 125:  94.522
2019-06-01 19:11:40,307 - DEBUG - epoch: 130:  94.488
2019-06-01 19:11:43,352 - DEBUG - epoch: 135:  94.58
2019-06-01 19:11:46,396 - DEBUG - epoch: 140:  94.625
2019-06-01 19:11:49,450 - DEBUG - epoch: 145:  94.677
2019-06-01 19:11:52,496 - DEBUG - epoch: 150:  94.677
2019-06-01 19:11:55,676 - DEBUG - epoch: 155:  94.612
2019-06-01 19:11:58,792 - DEBUG - epoch: 160:  94.732
2019-06-01 19:12:01,839 - DEBUG - epoch: 165:  94.745
2019-06-01 19:12:04,883 - DEBUG - epoch: 170:  94.788
2019-06-01 19:12:07,932 - DEBUG - epoch: 175:  94.878
2019-06-01 19:12:10,983 - DEBUG - epoch: 180:  94.84
2019-06-01 19:12:14,026 - DEBUG - epoch: 185:  94.872
2019-06-01 19:12:17,071 - DEBUG - epoch: 190:  94.86
2019-06-01 19:12:20,120 - DEBUG - epoch: 195:  94.878
2019-06-01 19:12:23,164 - DEBUG - epoch: 200:  94.892
2019-06-01 19:12:23,703 - INFO - epoch: 201:  94.892
2019-06-01 19:12:23,758 - INFO - Accuracy on Test: 93.34
2019-06-01 19:12:23,759 - DEBUG - ---------------------------------------------------------------------
2019-06-01 19:17:03,552 - INFO - learning rate=0.003 momentum update=0.99 minibatch=100
2019-06-01 19:17:04,159 - DEBUG - epoch: 0:  21.668
2019-06-01 19:17:07,269 - DEBUG - epoch: 5:  88.445
2019-06-01 19:17:10,374 - DEBUG - epoch: 10:  90.983
2019-06-01 19:17:13,489 - DEBUG - epoch: 15:  91.523
2019-06-01 19:17:16,580 - DEBUG - epoch: 20:  92.002
2019-06-01 19:17:19,668 - DEBUG - epoch: 25:  92.283
2019-06-01 19:17:22,758 - DEBUG - epoch: 30:  92.708
2019-06-01 19:17:25,846 - DEBUG - epoch: 35:  92.938
2019-06-01 19:17:28,944 - DEBUG - epoch: 40:  93.102
2019-06-01 19:17:32,038 - DEBUG - epoch: 45:  93.008
2019-06-01 19:17:35,130 - DEBUG - epoch: 50:  93.105
2019-06-01 19:17:38,225 - DEBUG - epoch: 55:  93.105
2019-06-01 19:17:41,317 - DEBUG - epoch: 60:  93.182
2019-06-01 19:17:44,413 - DEBUG - epoch: 65:  93.262
2019-06-01 19:17:47,504 - DEBUG - epoch: 70:  93.208
2019-06-01 19:17:50,600 - DEBUG - epoch: 75:  93.557
2019-06-01 19:17:53,695 - DEBUG - epoch: 80:  93.652
2019-06-01 19:17:56,948 - DEBUG - epoch: 85:  93.672
2019-06-01 19:18:00,066 - DEBUG - epoch: 90:  93.715
2019-06-01 19:18:03,165 - DEBUG - epoch: 95:  93.798
2019-06-01 19:18:05,957 - INFO - epoch: 100:  93.81
2019-06-01 19:18:06,014 - INFO - Accuracy on Test: 92.06
2019-06-01 19:18:06,015 - DEBUG - ---------------------------------------------------------------------
2019-06-01 19:22:04,588 - INFO - learning rate=0.003 momentum update=0.99 minibatch=100
2019-06-01 19:27:38,142 - INFO - learning rate=0.003 momentum update=0.99 minibatch=100
2019-06-01 19:30:44,087 - INFO - learning rate=0.003 momentum update=0.99 minibatch=100
2019-06-01 19:30:44,708 - DEBUG - epoch: 0:  23.943
2019-06-01 19:30:47,820 - DEBUG - epoch: 5:  89.68
2019-06-01 19:30:51,237 - DEBUG - epoch: 10:  91.728
2019-06-01 19:30:54,539 - DEBUG - epoch: 15:  92.658
2019-06-01 19:30:58,100 - DEBUG - epoch: 20:  93.172
2019-06-01 19:31:01,660 - DEBUG - epoch: 25:  93.32
2019-06-01 19:31:04,977 - DEBUG - epoch: 30:  93.32
2019-06-01 19:31:08,374 - DEBUG - epoch: 35:  93.487
2019-06-01 19:31:11,623 - DEBUG - epoch: 40:  93.62
2019-06-01 19:31:14,846 - DEBUG - epoch: 45:  93.558
2019-06-01 19:31:18,008 - DEBUG - epoch: 50:  93.732
2019-06-01 19:31:21,163 - DEBUG - epoch: 55:  93.943
2019-06-01 19:31:24,321 - DEBUG - epoch: 60:  94.035
2019-06-01 19:31:27,485 - DEBUG - epoch: 65:  94.032
2019-06-01 19:31:30,646 - DEBUG - epoch: 70:  94.175
2019-06-01 19:31:33,807 - DEBUG - epoch: 75:  94.193
2019-06-01 19:31:36,974 - DEBUG - epoch: 80:  94.272
2019-06-01 19:31:40,131 - DEBUG - epoch: 85:  94.298
2019-06-01 19:31:43,292 - DEBUG - epoch: 90:  94.328
2019-06-01 19:31:46,463 - DEBUG - epoch: 95:  94.352
2019-06-01 19:31:49,332 - INFO - epoch: 100:  94.393
2019-06-01 19:31:49,387 - INFO - Accuracy on Test: 93.25
2019-06-01 19:31:49,388 - DEBUG - ---------------------------------------------------------------------
2019-06-01 19:37:17,545 - INFO - learning rate=0.003 momentum update=0.99 minibatch=100
2019-06-01 19:37:40,121 - INFO - learning rate=0.003 momentum update=0.99 minibatch=100
2019-06-01 19:37:40,729 - DEBUG - epoch: 0:  22.778
2019-06-01 19:37:43,856 - DEBUG - epoch: 5:  78.777
2019-06-01 19:37:46,967 - DEBUG - epoch: 10:  90.88
2019-06-01 19:37:50,080 - DEBUG - epoch: 15:  92.318
2019-06-01 19:37:53,208 - DEBUG - epoch: 20:  93.023
2019-06-01 19:37:56,426 - DEBUG - epoch: 25:  93.257
2019-06-01 19:37:59,580 - DEBUG - epoch: 30:  93.337
2019-06-01 19:38:02,694 - DEBUG - epoch: 35:  93.6
2019-06-01 19:38:05,811 - DEBUG - epoch: 40:  93.668
2019-06-01 19:38:08,924 - DEBUG - epoch: 45:  93.935
2019-06-01 19:38:12,049 - DEBUG - epoch: 50:  93.913
2019-06-01 19:38:15,168 - DEBUG - epoch: 55:  93.993
2019-06-01 19:38:18,278 - DEBUG - epoch: 60:  94.013
2019-06-01 19:38:21,386 - DEBUG - epoch: 65:  94.082
2019-06-01 19:38:24,508 - DEBUG - epoch: 70:  94.138
2019-06-01 19:38:27,619 - DEBUG - epoch: 75:  94.065
2019-06-01 19:38:30,732 - DEBUG - epoch: 80:  94.2
2019-06-01 19:38:33,845 - DEBUG - epoch: 85:  94.235
2019-06-01 19:38:36,956 - DEBUG - epoch: 90:  94.242
2019-06-01 19:38:40,075 - DEBUG - epoch: 95:  94.268
2019-06-01 19:38:42,884 - INFO - epoch: 100:  94.302
2019-06-01 19:38:42,939 - INFO - Accuracy on Test: 92.56
2019-06-01 19:38:42,939 - DEBUG - ---------------------------------------------------------------------
2019-06-01 19:39:03,637 - INFO - learning rate=0.003 momentum update=0.99 minibatch=100
2019-06-01 19:39:04,261 - DEBUG - epoch: 0:  86.025
2019-06-01 19:39:07,136 - DEBUG - epoch: 5:  91.362
2019-06-01 19:39:10,009 - DEBUG - epoch: 10:  92.285
2019-06-01 19:39:12,872 - DEBUG - epoch: 15:  92.845
2019-06-01 19:39:15,739 - DEBUG - epoch: 20:  93.113
2019-06-01 19:39:18,602 - DEBUG - epoch: 25:  93.302
2019-06-01 19:39:21,466 - DEBUG - epoch: 30:  93.44
2019-06-01 19:39:24,332 - DEBUG - epoch: 35:  93.495
2019-06-01 19:39:27,235 - DEBUG - epoch: 40:  93.57
2019-06-01 19:39:30,291 - DEBUG - epoch: 45:  93.65
2019-06-01 19:39:33,234 - DEBUG - epoch: 50:  93.702
2019-06-01 19:39:36,236 - DEBUG - epoch: 55:  93.765
2019-06-01 19:39:39,165 - DEBUG - epoch: 60:  93.815
2019-06-01 19:39:42,403 - DEBUG - epoch: 65:  93.86
2019-06-01 19:39:45,467 - DEBUG - epoch: 70:  93.917
2019-06-01 19:39:48,433 - DEBUG - epoch: 75:  93.962
2019-06-01 19:39:51,370 - DEBUG - epoch: 80:  94.017
2019-06-01 19:39:54,305 - DEBUG - epoch: 85:  94.043
2019-06-01 19:39:57,488 - DEBUG - epoch: 90:  94.05
2019-06-01 19:40:00,419 - DEBUG - epoch: 95:  94.073
2019-06-01 19:40:03,056 - INFO - epoch: 100:  94.088
2019-06-01 19:40:03,110 - INFO - Accuracy on Test: 93.05
2019-06-01 19:40:03,111 - DEBUG - ---------------------------------------------------------------------
2019-06-01 19:40:12,232 - INFO - learning rate=0.003 momentum update=0.99 minibatch=100
2019-06-01 19:40:12,736 - DEBUG - epoch: 0:  56.793
2019-06-01 19:40:16,311 - INFO - learning rate=0.003 momentum update=0.99 minibatch=100
2019-06-01 19:40:16,870 - DEBUG - epoch: 0:  58.378
2019-06-01 19:40:19,466 - DEBUG - epoch: 5:  65.915
2019-06-01 19:40:22,011 - DEBUG - epoch: 10:  74.252
2019-06-01 19:40:24,563 - DEBUG - epoch: 15:  75.43
2019-06-01 19:40:26,911 - INFO - epoch: 20:  76.187
2019-06-01 19:40:26,964 - INFO - Accuracy on Test: 76.27
2019-06-01 19:40:26,965 - DEBUG - ---------------------------------------------------------------------
2019-06-01 19:40:35,781 - INFO - learning rate=0.003 momentum update=0.99 minibatch=100
2019-06-01 19:40:36,343 - DEBUG - epoch: 0:  20.972
2019-06-01 19:40:39,053 - DEBUG - epoch: 5:  56.103
2019-06-01 19:40:41,879 - DEBUG - epoch: 10:  59.307
2019-06-01 19:40:44,672 - DEBUG - epoch: 15:  68.427
2019-06-01 19:40:47,208 - INFO - epoch: 20:  73.195
2019-06-01 19:40:47,262 - INFO - Accuracy on Test: 72.98
2019-06-01 19:40:47,263 - DEBUG - ---------------------------------------------------------------------
2019-06-01 19:40:56,274 - INFO - learning rate=0.003 momentum update=0.99 minibatch=100
2019-06-01 19:40:56,870 - DEBUG - epoch: 0:  11.237
2019-06-01 19:40:59,791 - DEBUG - epoch: 5:  11.237
2019-06-01 19:41:02,710 - DEBUG - epoch: 10:  11.237
2019-06-01 19:41:05,617 - DEBUG - epoch: 15:  11.237
2019-06-01 19:41:08,240 - INFO - epoch: 20:  11.237
2019-06-01 19:41:08,294 - INFO - Accuracy on Test: 11.35
2019-06-01 19:41:08,295 - DEBUG - ---------------------------------------------------------------------
2019-06-01 19:41:21,926 - INFO - learning rate=0.003 momentum update=0.99 minibatch=100
2019-06-01 19:41:22,908 - DEBUG - epoch: 0:  10.442
2019-06-01 19:41:27,643 - DEBUG - epoch: 5:  10.442
2019-06-01 19:41:32,358 - DEBUG - epoch: 10:  11.237
2019-06-01 19:41:37,086 - DEBUG - epoch: 15:  11.237
2019-06-01 19:41:41,249 - INFO - epoch: 20:  11.237
2019-06-01 19:41:41,316 - INFO - Accuracy on Test: 11.35
2019-06-01 19:41:41,317 - DEBUG - ---------------------------------------------------------------------
2019-06-01 19:41:54,473 - INFO - learning rate=0.003 momentum update=0.99 minibatch=100
2019-06-01 19:41:55,500 - DEBUG - epoch: 0:  21.508
2019-06-01 19:42:00,145 - DEBUG - epoch: 5:  93.362
2019-06-01 19:42:04,685 - DEBUG - epoch: 10:  95.5
2019-06-01 19:42:09,171 - DEBUG - epoch: 15:  96.445
2019-06-01 19:42:13,148 - INFO - epoch: 20:  96.893
2019-06-01 19:42:13,238 - INFO - Accuracy on Test: 96.31
2019-06-01 19:42:13,239 - DEBUG - ---------------------------------------------------------------------
2019-06-01 19:42:46,750 - INFO - learning rate=0.003 momentum update=0.99 minibatch=100
2019-06-01 19:42:48,709 - DEBUG - epoch: 0:  10.442
2019-06-01 19:42:57,782 - INFO - learning rate=0.003 momentum update=0.99 minibatch=100
2019-06-01 19:42:59,758 - DEBUG - epoch: 0:  10.442
2019-06-01 19:43:09,731 - DEBUG - epoch: 5:  11.237
2019-06-01 19:43:18,398 - INFO - epoch: 10:  11.237
2019-06-01 19:43:18,499 - INFO - Accuracy on Test: 11.35
2019-06-01 19:43:18,500 - DEBUG - ---------------------------------------------------------------------
2019-06-01 19:43:33,388 - INFO - learning rate=0.0003 momentum update=0.99 minibatch=100
2019-06-01 19:43:35,321 - DEBUG - epoch: 0:  11.237
2019-06-01 19:43:45,273 - DEBUG - epoch: 5:  11.237
2019-06-01 19:43:53,924 - INFO - epoch: 10:  11.237
2019-06-01 19:43:54,026 - INFO - Accuracy on Test: 11.35
2019-06-01 19:43:54,027 - DEBUG - ---------------------------------------------------------------------
2019-06-01 19:44:01,782 - INFO - learning rate=0.0001 momentum update=0.99 minibatch=100
2019-06-01 19:44:03,694 - DEBUG - epoch: 0:  11.237
2019-06-01 19:44:13,641 - DEBUG - epoch: 5:  11.237
2019-06-01 19:44:22,279 - INFO - epoch: 10:  11.237
2019-06-01 19:44:22,382 - INFO - Accuracy on Test: 11.35
2019-06-01 19:44:22,382 - DEBUG - ---------------------------------------------------------------------
2019-06-01 19:45:29,684 - INFO - learning rate=0.003 momentum update=0.99 minibatch=100
2019-06-01 19:45:31,687 - DEBUG - epoch: 0:  10.442
2019-06-01 19:45:41,891 - DEBUG - epoch: 5:  11.237
2019-06-01 19:45:50,721 - INFO - epoch: 10:  11.237
2019-06-01 19:45:50,820 - INFO - Accuracy on Test: 11.35
2019-06-01 19:45:50,820 - DEBUG - ---------------------------------------------------------------------
2019-06-01 19:46:14,370 - INFO - learning rate=0.003 momentum update=0.99 minibatch=100
2019-06-01 19:46:20,045 - DEBUG - epoch: 0:  10.442
2019-06-01 19:46:49,216 - DEBUG - epoch: 5:  30.658
2019-06-01 19:47:14,355 - INFO - epoch: 10:  83.075
2019-06-01 19:47:14,590 - INFO - Accuracy on Test: 83.35
2019-06-01 19:47:14,591 - DEBUG - ---------------------------------------------------------------------
2019-06-01 19:47:34,591 - INFO - learning rate=0.003 momentum update=0.99 minibatch=100
2019-06-01 19:47:40,216 - DEBUG - epoch: 0:  10.442
2019-06-01 19:48:09,532 - DEBUG - epoch: 5:  66.557
2019-06-01 19:48:38,752 - DEBUG - epoch: 10:  96.633
2019-06-01 19:49:07,975 - DEBUG - epoch: 15:  98.188
2019-06-01 19:49:39,237 - DEBUG - epoch: 20:  98.795
2019-06-01 19:50:11,183 - DEBUG - epoch: 25:  99.075
2019-06-01 19:50:38,990 - INFO - epoch: 30:  99.17
2019-06-01 19:50:39,244 - INFO - Accuracy on Test: 97.79
2019-06-01 19:50:39,245 - DEBUG - ---------------------------------------------------------------------
2019-06-01 19:51:14,065 - INFO - learning rate=0.003 momentum update=0.99 minibatch=100
2019-06-01 19:51:19,671 - DEBUG - epoch: 0:  10.442
2019-06-01 19:51:48,853 - DEBUG - epoch: 5:  20.962
2019-06-01 19:52:20,316 - DEBUG - epoch: 10:  95.402
2019-06-01 19:52:52,378 - DEBUG - epoch: 15:  97.815
2019-06-01 19:53:24,463 - DEBUG - epoch: 20:  98.667
2019-06-01 19:53:56,521 - DEBUG - epoch: 25:  99.095
2019-06-01 19:54:29,282 - DEBUG - epoch: 30:  99.27
2019-06-01 19:55:01,468 - DEBUG - epoch: 35:  99.388
2019-06-01 19:55:34,299 - DEBUG - epoch: 40:  99.423
2019-06-01 19:56:08,081 - DEBUG - epoch: 45:  99.44
2019-06-01 19:56:42,684 - DEBUG - epoch: 50:  99.453
2019-06-01 19:57:16,646 - DEBUG - epoch: 55:  99.458
2019-06-01 19:57:50,517 - DEBUG - epoch: 60:  99.465
2019-06-01 19:58:24,463 - DEBUG - epoch: 65:  99.47
2019-06-01 19:58:58,460 - DEBUG - epoch: 70:  99.472
2019-06-01 19:59:33,129 - DEBUG - epoch: 75:  99.477
2019-06-01 20:00:02,385 - INFO - epoch: 80:  99.478
2019-06-01 20:00:02,648 - INFO - Accuracy on Test: 97.7
2019-06-01 20:00:02,649 - DEBUG - ---------------------------------------------------------------------
2019-06-02 01:04:13,720 - INFO - learning rate=0.003 momentum update=0.99 minibatch=100
2019-06-02 01:05:20,448 - INFO - learning rate=0.003 momentum update=0.99 minibatch=100
2019-06-02 01:05:54,223 - INFO - learning rate=0.003 momentum update=0.99 minibatch=100
2019-06-02 01:08:06,009 - INFO - learning rate=0.003 momentum update=0.99 minibatch=100
2019-06-02 01:09:14,971 - INFO - learning rate=0.003 momentum update=0.99 minibatch=100
2019-06-02 01:09:44,139 - INFO - learning rate=0.003 momentum update=0.99 minibatch=100
2019-06-02 01:09:56,042 - DEBUG - epoch: 0:  10.442
2019-06-02 01:10:41,622 - DEBUG - epoch: 5:  24.1
2019-06-02 01:11:20,189 - INFO - epoch: 10:  47.295
2019-06-02 01:11:20,661 - INFO - Accuracy on Test: 47.6
2019-06-02 01:11:20,662 - DEBUG - ---------------------------------------------------------------------
2019-06-02 01:15:43,316 - INFO - learning rate=0.003 momentum update=0.99 minibatch=100
2019-06-02 01:15:52,417 - DEBUG - epoch: 0:  10.442
2019-06-02 01:16:39,245 - DEBUG - epoch: 5:  40.215
2019-06-02 01:17:25,965 - DEBUG - epoch: 10:  46.86
2019-06-02 01:18:16,708 - DEBUG - epoch: 15:  41.783
2019-06-02 01:19:12,625 - DEBUG - epoch: 20:  46.113
2019-06-02 01:20:08,279 - DEBUG - epoch: 25:  38.703
2019-06-02 01:20:59,138 - DEBUG - epoch: 30:  42.607
2019-06-02 01:21:51,109 - DEBUG - epoch: 35:  38.992
2019-06-02 01:22:43,123 - DEBUG - epoch: 40:  41.867
2019-06-02 01:23:35,487 - DEBUG - epoch: 45:  39.017
2019-06-02 01:24:27,249 - DEBUG - epoch: 50:  38.17
2019-06-02 01:25:19,774 - DEBUG - epoch: 55:  38.95
2019-06-02 01:26:10,883 - DEBUG - epoch: 60:  37.522
2019-06-02 01:27:01,189 - DEBUG - epoch: 65:  37.45
2019-06-02 01:27:51,756 - DEBUG - epoch: 70:  38.377
2019-06-02 01:28:06,512 - INFO - learning rate=0.003 momentum update=0.99 minibatch=100
2019-06-02 01:28:12,487 - DEBUG - epoch: 0:  9.872
2019-06-02 01:28:44,270 - DEBUG - epoch: 5:  9.872
2019-06-02 01:29:19,404 - DEBUG - epoch: 10:  9.872
2019-06-02 01:29:55,473 - DEBUG - epoch: 15:  9.872
2019-06-02 01:30:31,391 - DEBUG - epoch: 20:  9.872
2019-06-02 01:30:53,850 - INFO - learning rate=0.003 momentum update=0.99 minibatch=100
2019-06-02 01:31:00,767 - DEBUG - epoch: 0:  9.872
2019-06-02 01:31:20,776 - DEBUG - epoch: 5:  9.872
2019-06-02 01:31:41,231 - DEBUG - epoch: 10:  9.872
2019-06-02 01:32:04,619 - INFO - learning rate=0.003 momentum update=0.99 minibatch=100
2019-06-02 01:32:10,604 - DEBUG - epoch: 0:  9.872
2019-06-02 01:32:30,351 - DEBUG - epoch: 5:  9.872
2019-06-02 01:32:50,196 - DEBUG - epoch: 10:  9.872
2019-06-02 01:33:10,348 - DEBUG - epoch: 15:  9.872
2019-06-02 01:33:29,355 - DEBUG - epoch: 20:  9.872
2019-06-02 01:33:49,602 - DEBUG - epoch: 25:  9.872
2019-06-02 12:05:41,447 - INFO - learning rate=0.003 momentum update=0.99 minibatch=100
2019-06-02 12:05:43,848 - DEBUG - epoch: 0:  9.872
2019-06-02 12:05:50,380 - DEBUG - epoch: 5:  9.872
2019-06-02 12:05:55,869 - INFO - epoch: 10:  9.872
2019-06-02 12:05:55,952 - INFO - Accuracy on Test: 9.8
2019-06-02 12:05:55,953 - DEBUG - ---------------------------------------------------------------------
2019-06-02 12:14:07,947 - INFO - learning rate=0.003 momentum update=0.99 minibatch=100
2019-06-02 12:14:09,115 - DEBUG - epoch: 0:  9.872
2019-06-02 12:14:15,267 - DEBUG - epoch: 5:  9.872
2019-06-02 12:14:20,692 - INFO - epoch: 10:  9.872
2019-06-02 12:14:20,774 - INFO - Accuracy on Test: 9.8
2019-06-02 12:14:20,775 - DEBUG - ---------------------------------------------------------------------
2019-06-02 12:19:18,041 - INFO - learning rate=0.003 momentum update=0.99 minibatch=100
2019-06-02 12:19:42,179 - INFO - learning rate=0.003 momentum update=0.99 minibatch=100
2019-06-02 12:19:43,391 - DEBUG - epoch: 0:  9.872
2019-06-02 12:19:49,955 - DEBUG - epoch: 5:  9.872
2019-06-02 12:19:55,565 - INFO - epoch: 10:  9.872
2019-06-02 12:19:55,649 - INFO - Accuracy on Test: 9.8
2019-06-02 12:19:55,650 - DEBUG - ---------------------------------------------------------------------
2019-06-02 12:26:27,126 - INFO - learning rate=0.003 momentum update=0.99 minibatch=100
2019-06-02 12:27:33,723 - INFO - learning rate=0.003 momentum update=0.99 minibatch=100
2019-06-02 12:27:35,430 - DEBUG - epoch: 0:  20.952
2019-06-02 12:27:41,689 - DEBUG - epoch: 5:  91.063
2019-06-02 12:27:47,335 - INFO - epoch: 10:  94.347
2019-06-02 12:27:47,466 - INFO - Accuracy on Test: 94.11
2019-06-02 12:27:47,467 - DEBUG - ---------------------------------------------------------------------
2019-06-02 12:27:57,959 - INFO - learning rate=0.003 momentum update=0.99 minibatch=100
2019-06-02 12:27:59,119 - DEBUG - epoch: 0:  87.515
2019-06-02 12:28:04,890 - DEBUG - epoch: 5:  93.723
2019-06-02 12:28:09,934 - INFO - epoch: 10:  94.687
2019-06-02 12:28:10,146 - INFO - Accuracy on Test: 94.52
2019-06-02 12:28:10,147 - DEBUG - ---------------------------------------------------------------------
2019-06-02 12:28:29,665 - INFO - learning rate=0.003 momentum update=0.99 minibatch=100
2019-06-02 12:28:30,780 - DEBUG - epoch: 0:  89.375
2019-06-02 12:28:36,559 - DEBUG - epoch: 5:  94.907
2019-06-02 12:28:41,627 - INFO - epoch: 10:  95.865
2019-06-02 12:28:41,701 - INFO - Accuracy on Test: 95.57
2019-06-02 12:28:41,702 - DEBUG - ---------------------------------------------------------------------
2019-06-02 12:50:19,827 - INFO - learning rate=0.003 momentum update=0.99 minibatch=100
2019-06-02 12:50:20,886 - DEBUG - epoch: 0:  89.215
2019-06-02 12:50:26,505 - DEBUG - epoch: 5:  94.872
2019-06-02 12:50:31,686 - INFO - epoch: 10:  95.802
2019-06-02 12:50:31,788 - INFO - Accuracy on Test: 95.53
2019-06-02 12:50:31,789 - DEBUG - ---------------------------------------------------------------------
2019-06-02 12:51:49,031 - INFO - learning rate=0.003 momentum update=0.99 minibatch=100
2019-06-02 12:51:50,094 - DEBUG - epoch: 0:  9.872
2019-06-02 12:51:55,701 - DEBUG - epoch: 5:  9.872
2019-06-02 12:52:00,714 - INFO - epoch: 10:  9.872
2019-06-02 12:52:00,794 - INFO - Accuracy on Test: 9.8
2019-06-02 12:52:00,795 - DEBUG - ---------------------------------------------------------------------
2019-06-02 12:54:47,004 - INFO - learning rate=0.003 momentum update=0.99 minibatch=100
2019-06-02 12:55:15,644 - INFO - learning rate=0.003 momentum update=0.99 minibatch=100
2019-06-02 12:55:31,998 - INFO - learning rate=0.003 momentum update=0.99 minibatch=100
2019-06-02 12:55:33,146 - DEBUG - epoch: 0:  89.183
2019-06-02 12:55:38,908 - DEBUG - epoch: 5:  94.837
2019-06-02 12:55:43,970 - INFO - epoch: 10:  95.743
2019-06-02 12:55:44,090 - INFO - Accuracy on Test: 95.39
2019-06-02 12:55:44,090 - DEBUG - ---------------------------------------------------------------------
2019-06-02 13:04:48,874 - INFO - learning rate=0.003 momentum update=0.99 minibatch=100
2019-06-02 13:04:50,020 - DEBUG - epoch: 0:  89.207
2019-06-02 13:04:55,759 - DEBUG - epoch: 5:  94.862
2019-06-02 13:05:00,832 - INFO - epoch: 10:  95.728
2019-06-02 13:05:00,904 - INFO - Accuracy on Test: 95.47
2019-06-02 13:05:00,905 - DEBUG - ---------------------------------------------------------------------
2019-06-02 13:05:34,947 - INFO - learning rate=0.003 momentum update=0.99 minibatch=100
2019-06-02 13:05:37,302 - DEBUG - epoch: 0:  23.293
2019-06-02 13:05:48,794 - DEBUG - epoch: 5:  94.587
2019-06-02 13:05:58,122 - INFO - epoch: 10:  96.805
2019-06-02 13:05:58,220 - INFO - Accuracy on Test: 96.17
2019-06-02 13:05:58,221 - DEBUG - ---------------------------------------------------------------------
2019-06-02 13:06:06,771 - INFO - learning rate=0.003 momentum update=0.99 minibatch=100
2019-06-02 13:06:08,792 - DEBUG - epoch: 0:  21.348
2019-06-02 13:06:19,173 - DEBUG - epoch: 5:  89.21
2019-06-02 13:06:28,176 - INFO - epoch: 10:  92.505
2019-06-02 13:06:28,271 - INFO - Accuracy on Test: 92.81
2019-06-02 13:06:28,272 - DEBUG - ---------------------------------------------------------------------
2019-06-02 13:08:29,690 - INFO - learning rate=0.003 momentum update=0.99 minibatch=100
2019-06-02 13:08:31,713 - DEBUG - epoch: 0:  21.773
2019-06-02 13:08:42,118 - DEBUG - epoch: 5:  95.72
2019-06-02 13:08:52,522 - DEBUG - epoch: 10:  97.805
2019-06-02 13:09:02,939 - DEBUG - epoch: 15:  98.575
2019-06-02 13:09:13,352 - DEBUG - epoch: 20:  98.96
2019-06-02 13:09:23,772 - DEBUG - epoch: 25:  99.143
2019-06-02 13:09:34,248 - DEBUG - epoch: 30:  99.282
2019-06-02 13:09:44,816 - DEBUG - epoch: 35:  99.367
2019-06-02 13:09:56,332 - DEBUG - epoch: 40:  99.41
2019-06-02 13:10:07,720 - DEBUG - epoch: 45:  99.457
2019-06-02 13:10:18,495 - DEBUG - epoch: 50:  99.482
2019-06-02 13:10:29,443 - DEBUG - epoch: 55:  99.497
2019-06-02 13:10:39,868 - DEBUG - epoch: 60:  99.508
2019-06-02 13:10:50,594 - DEBUG - epoch: 65:  99.522
2019-06-02 13:11:01,591 - DEBUG - epoch: 70:  99.527
2019-06-02 13:11:12,021 - DEBUG - epoch: 75:  99.543
2019-06-02 13:11:22,818 - DEBUG - epoch: 80:  99.553
2019-06-02 13:11:33,512 - DEBUG - epoch: 85:  99.558
2019-06-02 13:11:44,604 - DEBUG - epoch: 90:  99.562
2019-06-02 13:11:55,829 - DEBUG - epoch: 95:  99.57
2019-06-02 13:12:05,463 - INFO - epoch: 100:  99.57
2019-06-02 13:12:05,560 - INFO - Accuracy on Test: 98.02
2019-06-02 13:12:05,561 - DEBUG - ---------------------------------------------------------------------
2019-06-02 13:13:02,044 - INFO - learning rate=0.003 momentum update=0.99 minibatch=100
2019-06-02 13:13:04,112 - DEBUG - epoch: 0:  20.968
2019-06-02 13:13:04,202 - DEBUG - epoch: 0:  21.08
2019-06-02 13:13:14,669 - DEBUG - epoch: 5:  94.317
2019-06-02 13:13:14,753 - DEBUG - epoch: 5:  94.34
2019-06-02 13:13:25,250 - DEBUG - epoch: 10:  97.013
2019-06-02 13:13:25,335 - DEBUG - epoch: 10:  96.6
2019-06-02 13:13:35,812 - DEBUG - epoch: 15:  97.882
2019-06-02 13:13:35,896 - DEBUG - epoch: 15:  96.99
2019-06-02 13:13:46,404 - DEBUG - epoch: 20:  98.382
2019-06-02 13:13:46,503 - DEBUG - epoch: 20:  97.23
2019-06-02 13:13:57,085 - DEBUG - epoch: 25:  98.763
2019-06-02 13:13:57,170 - DEBUG - epoch: 25:  97.45
2019-06-02 13:14:08,098 - DEBUG - epoch: 30:  98.915
2019-06-02 13:14:08,251 - DEBUG - epoch: 30:  97.61
2019-06-02 13:14:19,693 - DEBUG - epoch: 35:  99.093
2019-06-02 13:14:19,779 - DEBUG - epoch: 35:  97.59
2019-06-02 13:14:31,128 - DEBUG - epoch: 40:  99.173
2019-06-02 13:14:31,220 - DEBUG - epoch: 40:  97.62
2019-06-02 13:14:42,044 - DEBUG - epoch: 45:  99.253
2019-06-02 13:14:42,133 - DEBUG - epoch: 45:  97.68
2019-06-02 13:14:52,756 - DEBUG - epoch: 50:  99.293
2019-06-02 13:14:52,849 - DEBUG - epoch: 50:  97.67
2019-06-02 13:15:04,114 - DEBUG - epoch: 55:  99.333
2019-06-02 13:15:04,198 - DEBUG - epoch: 55:  97.7
2019-06-02 13:15:14,758 - DEBUG - epoch: 60:  99.353
2019-06-02 13:15:14,843 - DEBUG - epoch: 60:  97.72
2019-06-02 13:15:25,335 - DEBUG - epoch: 65:  99.387
2019-06-02 13:15:25,420 - DEBUG - epoch: 65:  97.76
2019-06-02 13:15:35,904 - DEBUG - epoch: 70:  99.412
2019-06-02 13:15:35,989 - DEBUG - epoch: 70:  97.79
2019-06-02 13:15:47,207 - DEBUG - epoch: 75:  99.422
2019-06-02 13:15:47,292 - DEBUG - epoch: 75:  97.78
2019-06-02 13:15:57,847 - DEBUG - epoch: 80:  99.44
2019-06-02 13:15:57,932 - DEBUG - epoch: 80:  97.76
2019-06-02 13:16:08,431 - DEBUG - epoch: 85:  99.457
2019-06-02 13:16:08,517 - DEBUG - epoch: 85:  97.78
2019-06-02 13:16:19,344 - DEBUG - epoch: 90:  99.472
2019-06-02 13:16:19,429 - DEBUG - epoch: 90:  97.78
2019-06-02 13:16:30,279 - DEBUG - epoch: 95:  99.485
2019-06-02 13:16:30,376 - DEBUG - epoch: 95:  97.77
2019-06-02 13:16:39,951 - INFO - Train acc - epoch: 100:  99.49
2019-06-02 13:16:40,048 - INFO - Test acc - epoch:97.74
2019-06-02 13:16:40,048 - DEBUG - ---------------------------------------------------------------------
2019-06-02 13:17:10,632 - INFO - learning rate=0.003 momentum update=0.99 minibatch=100
2019-06-02 13:17:12,684 - DEBUG - Train acc - epoch: 0:  20.868
2019-06-02 13:17:12,775 - DEBUG - Test acc - epoch: 0:  20.92
2019-06-02 13:17:24,588 - DEBUG - Train acc - epoch: 5:  91.758
2019-06-02 13:17:24,673 - DEBUG - Test acc - epoch: 5:  91.77
2019-06-02 13:17:35,859 - DEBUG - Train acc - epoch: 10:  95.498
2019-06-02 13:17:35,943 - DEBUG - Test acc - epoch: 10:  95.4
2019-06-02 13:17:46,390 - DEBUG - Train acc - epoch: 15:  96.835
2019-06-02 13:17:46,484 - DEBUG - Test acc - epoch: 15:  96.26
2019-06-02 13:17:57,058 - DEBUG - Train acc - epoch: 20:  97.557
2019-06-02 13:17:57,147 - DEBUG - Test acc - epoch: 20:  96.75
2019-06-02 13:18:08,279 - DEBUG - Train acc - epoch: 25:  98.012
2019-06-02 13:18:08,373 - DEBUG - Test acc - epoch: 25:  97.22
2019-06-02 13:18:19,373 - DEBUG - Train acc - epoch: 30:  98.263
2019-06-02 13:18:19,458 - DEBUG - Test acc - epoch: 30:  97.34
2019-06-02 13:18:29,939 - DEBUG - Train acc - epoch: 35:  98.453
2019-06-02 13:18:30,023 - DEBUG - Test acc - epoch: 35:  97.4
2019-06-02 13:18:41,028 - DEBUG - Train acc - epoch: 40:  98.673
2019-06-02 13:18:41,123 - DEBUG - Test acc - epoch: 40:  97.41
2019-06-02 13:18:52,872 - DEBUG - Train acc - epoch: 45:  98.845
2019-06-02 13:18:52,964 - DEBUG - Test acc - epoch: 45:  97.41
2019-06-02 13:19:04,069 - DEBUG - Train acc - epoch: 50:  98.947
2019-06-02 13:19:04,159 - DEBUG - Test acc - epoch: 50:  97.58
2019-06-02 13:19:15,613 - DEBUG - Train acc - epoch: 55:  99.03
2019-06-02 13:19:15,705 - DEBUG - Test acc - epoch: 55:  97.61
2019-06-02 13:19:27,213 - DEBUG - Train acc - epoch: 60:  99.157
2019-06-02 13:19:27,304 - DEBUG - Test acc - epoch: 60:  97.66
2019-06-02 13:19:39,237 - DEBUG - Train acc - epoch: 65:  99.192
2019-06-02 13:19:39,330 - DEBUG - Test acc - epoch: 65:  97.64
2019-06-02 13:19:51,645 - DEBUG - Train acc - epoch: 70:  99.232
2019-06-02 13:19:51,740 - DEBUG - Test acc - epoch: 70:  97.61
2019-06-02 13:20:04,075 - DEBUG - Train acc - epoch: 75:  99.273
2019-06-02 13:20:04,168 - DEBUG - Test acc - epoch: 75:  97.64
2019-06-02 13:20:16,233 - DEBUG - Train acc - epoch: 80:  99.32
2019-06-02 13:20:16,323 - DEBUG - Test acc - epoch: 80:  97.74
2019-06-02 13:20:28,403 - DEBUG - Train acc - epoch: 85:  99.338
2019-06-02 13:20:28,501 - DEBUG - Test acc - epoch: 85:  97.72
2019-06-02 13:20:40,443 - DEBUG - Train acc - epoch: 90:  99.365
2019-06-02 13:20:40,536 - DEBUG - Test acc - epoch: 90:  97.69
2019-06-02 13:20:51,711 - DEBUG - Train acc - epoch: 95:  99.382
2019-06-02 13:20:51,801 - DEBUG - Test acc - epoch: 95:  97.68
2019-06-02 13:21:01,400 - INFO - Train acc - epoch: 100:  99.393
2019-06-02 13:21:01,502 - INFO - Test acc - epoch:97.61
2019-06-02 13:21:01,503 - DEBUG - ---------------------------------------------------------------------
2019-06-02 13:21:57,507 - INFO - learning rate=0.003 momentum update=0.99 minibatch=100
2019-06-02 13:22:01,478 - DEBUG - Train acc - epoch: 0:  10.442
2019-06-02 13:22:01,797 - DEBUG - Test acc - epoch: 0:  10.28
2019-06-02 13:23:23,869 - INFO - learning rate=0.003 momentum update=0.99 minibatch=100
2019-06-02 13:23:27,749 - DEBUG - Train acc - epoch: 0:  10.442
2019-06-02 13:23:27,887 - DEBUG - Test acc - epoch: 0:  10.28
2019-06-02 13:23:37,463 - INFO - learning rate=0.003 momentum update=0.99 minibatch=100
2019-06-02 13:23:41,248 - DEBUG - Train acc - epoch: 0:  10.442
2019-06-02 13:23:41,636 - DEBUG - Test acc - epoch: 0:  10.28
2019-06-02 13:24:03,599 - DEBUG - Train acc - epoch: 5:  10.442
2019-06-02 13:24:03,745 - DEBUG - Test acc - epoch: 5:  10.28
2019-06-02 13:26:42,271 - DEBUG - Train acc - epoch: 10:  76.863
2019-06-02 13:26:42,519 - DEBUG - Test acc - epoch: 10:  77.21
2019-06-02 13:27:03,097 - DEBUG - Train acc - epoch: 15:  97.12
2019-06-02 13:27:03,238 - DEBUG - Test acc - epoch: 15:  96.34
2019-06-02 13:27:22,768 - DEBUG - Train acc - epoch: 20:  98.217
2019-06-02 13:27:22,910 - DEBUG - Test acc - epoch: 20:  96.82
2019-06-02 13:27:42,451 - DEBUG - Train acc - epoch: 25:  98.735
2019-06-02 13:27:42,592 - DEBUG - Test acc - epoch: 25:  97.23
2019-06-02 13:28:02,135 - DEBUG - Train acc - epoch: 30:  99.087
2019-06-02 13:28:02,277 - DEBUG - Test acc - epoch: 30:  97.32
2019-06-02 13:28:21,890 - DEBUG - Train acc - epoch: 35:  99.228
2019-06-02 13:28:22,052 - DEBUG - Test acc - epoch: 35:  97.37
2019-06-02 13:28:43,342 - DEBUG - Train acc - epoch: 40:  99.343
2019-06-02 13:28:43,484 - DEBUG - Test acc - epoch: 40:  97.51
2019-06-02 13:29:03,000 - DEBUG - Train acc - epoch: 45:  99.42
2019-06-02 13:29:03,141 - DEBUG - Test acc - epoch: 45:  97.62
2019-06-02 13:29:22,651 - DEBUG - Train acc - epoch: 50:  99.442
2019-06-02 13:29:22,794 - DEBUG - Test acc - epoch: 50:  97.71
2019-06-02 13:29:42,309 - DEBUG - Train acc - epoch: 55:  99.46
2019-06-02 13:29:42,452 - DEBUG - Test acc - epoch: 55:  97.69
2019-06-02 13:30:02,854 - DEBUG - Train acc - epoch: 60:  99.48
2019-06-02 13:30:02,996 - DEBUG - Test acc - epoch: 60:  97.74
2019-06-02 13:30:23,663 - DEBUG - Train acc - epoch: 65:  99.485
2019-06-02 13:30:23,815 - DEBUG - Test acc - epoch: 65:  97.73
2019-06-02 13:30:44,965 - DEBUG - Train acc - epoch: 70:  99.495
2019-06-02 13:30:45,118 - DEBUG - Test acc - epoch: 70:  97.72
2019-06-02 13:31:06,231 - DEBUG - Train acc - epoch: 75:  99.498
2019-06-02 13:31:06,382 - DEBUG - Test acc - epoch: 75:  97.67
2019-06-02 13:31:27,528 - DEBUG - Train acc - epoch: 80:  99.505
2019-06-02 13:31:27,681 - DEBUG - Test acc - epoch: 80:  97.66
2019-06-02 13:31:48,787 - DEBUG - Train acc - epoch: 85:  99.507
2019-06-02 13:31:48,939 - DEBUG - Test acc - epoch: 85:  97.65
2019-06-02 13:32:10,086 - DEBUG - Train acc - epoch: 90:  99.515
2019-06-02 13:32:10,238 - DEBUG - Test acc - epoch: 90:  97.65
2019-06-02 13:32:31,380 - DEBUG - Train acc - epoch: 95:  99.522
2019-06-02 13:32:31,534 - DEBUG - Test acc - epoch: 95:  97.66
2019-06-02 13:32:52,666 - DEBUG - Train acc - epoch: 100:  99.522
2019-06-02 13:32:52,819 - DEBUG - Test acc - epoch: 100:  97.69
2019-06-02 13:33:13,969 - DEBUG - Train acc - epoch: 105:  99.522
2019-06-02 13:33:14,122 - DEBUG - Test acc - epoch: 105:  97.72
2019-06-02 13:33:35,243 - DEBUG - Train acc - epoch: 110:  99.523
2019-06-02 13:33:35,396 - DEBUG - Test acc - epoch: 110:  97.71
2019-06-02 13:33:56,528 - DEBUG - Train acc - epoch: 115:  99.527
2019-06-02 13:33:56,680 - DEBUG - Test acc - epoch: 115:  97.71
2019-06-02 13:34:17,812 - DEBUG - Train acc - epoch: 120:  99.527
2019-06-02 13:34:17,964 - DEBUG - Test acc - epoch: 120:  97.72
2019-06-02 13:34:39,077 - DEBUG - Train acc - epoch: 125:  99.533
2019-06-02 13:34:39,232 - DEBUG - Test acc - epoch: 125:  97.66
2019-06-02 13:35:02,126 - DEBUG - Train acc - epoch: 130:  99.533
2019-06-02 13:35:02,291 - DEBUG - Test acc - epoch: 130:  97.7
2019-06-02 13:35:24,490 - DEBUG - Train acc - epoch: 135:  99.533
2019-06-02 13:35:24,642 - DEBUG - Test acc - epoch: 135:  97.71
2019-06-02 13:35:46,941 - DEBUG - Train acc - epoch: 140:  99.533
2019-06-02 13:35:47,101 - DEBUG - Test acc - epoch: 140:  97.73
2019-06-02 13:36:10,862 - DEBUG - Train acc - epoch: 145:  99.535
2019-06-02 13:36:11,021 - DEBUG - Test acc - epoch: 145:  97.71
2019-06-02 13:36:34,093 - DEBUG - Train acc - epoch: 150:  99.535
2019-06-02 13:36:34,249 - DEBUG - Test acc - epoch: 150:  97.69
2019-06-02 13:36:56,780 - DEBUG - Train acc - epoch: 155:  99.535
2019-06-02 13:36:56,942 - DEBUG - Test acc - epoch: 155:  97.7
2019-06-02 13:37:19,198 - DEBUG - Train acc - epoch: 160:  99.535
2019-06-02 13:37:19,357 - DEBUG - Test acc - epoch: 160:  97.7
2019-06-02 13:37:41,588 - DEBUG - Train acc - epoch: 165:  99.535
2019-06-02 13:37:41,747 - DEBUG - Test acc - epoch: 165:  97.7
2019-06-02 13:38:04,000 - DEBUG - Train acc - epoch: 170:  99.535
2019-06-02 13:38:04,158 - DEBUG - Test acc - epoch: 170:  97.72
2019-06-02 13:38:26,508 - DEBUG - Train acc - epoch: 175:  99.537
2019-06-02 13:38:26,668 - DEBUG - Test acc - epoch: 175:  97.69
2019-06-02 13:38:48,918 - DEBUG - Train acc - epoch: 180:  99.535
2019-06-02 13:38:49,076 - DEBUG - Test acc - epoch: 180:  97.75
2019-06-02 13:39:12,211 - DEBUG - Train acc - epoch: 185:  99.535
2019-06-02 13:39:12,370 - DEBUG - Test acc - epoch: 185:  97.75
2019-06-02 13:39:34,610 - DEBUG - Train acc - epoch: 190:  99.535
2019-06-02 13:39:34,769 - DEBUG - Test acc - epoch: 190:  97.74
2019-06-02 13:39:57,054 - DEBUG - Train acc - epoch: 195:  99.535
2019-06-02 13:39:57,213 - DEBUG - Test acc - epoch: 195:  97.74
2019-06-02 13:40:16,362 - INFO - Train acc - epoch: 200:  99.537
2019-06-02 13:40:16,537 - INFO - Test acc - epoch:97.74
2019-06-02 13:40:16,538 - DEBUG - ---------------------------------------------------------------------
2019-06-02 13:40:17,758 - INFO - learning rate=0.003 momentum update=0.99 minibatch=100
2019-06-02 13:40:22,250 - DEBUG - Train acc - epoch: 0:  10.442
2019-06-02 13:40:22,409 - DEBUG - Test acc - epoch: 0:  10.28
2019-06-02 13:40:45,870 - DEBUG - Train acc - epoch: 5:  11.237
2019-06-02 13:40:46,028 - DEBUG - Test acc - epoch: 5:  11.35
2019-06-02 13:41:09,459 - DEBUG - Train acc - epoch: 10:  11.237
2019-06-02 13:41:09,622 - DEBUG - Test acc - epoch: 10:  11.35
2019-06-02 13:41:32,999 - DEBUG - Train acc - epoch: 15:  11.237
2019-06-02 13:41:33,157 - DEBUG - Test acc - epoch: 15:  11.35
2019-06-02 13:41:56,448 - DEBUG - Train acc - epoch: 20:  39.45
2019-06-02 13:41:56,606 - DEBUG - Test acc - epoch: 20:  39.79
2019-06-02 13:42:20,262 - DEBUG - Train acc - epoch: 25:  95.147
2019-06-02 13:42:20,423 - DEBUG - Test acc - epoch: 25:  94.67
2019-06-02 13:42:43,916 - DEBUG - Train acc - epoch: 30:  97.382
2019-06-02 13:42:44,075 - DEBUG - Test acc - epoch: 30:  96.43
2019-06-02 13:43:08,154 - DEBUG - Train acc - epoch: 35:  98.112
2019-06-02 13:43:08,314 - DEBUG - Test acc - epoch: 35:  96.76
2019-06-02 13:43:31,819 - DEBUG - Train acc - epoch: 40:  98.455
2019-06-02 13:43:31,979 - DEBUG - Test acc - epoch: 40:  96.92
2019-06-02 13:43:55,456 - DEBUG - Train acc - epoch: 45:  98.93
2019-06-02 13:43:55,615 - DEBUG - Test acc - epoch: 45:  97.13
2019-06-02 13:44:19,104 - DEBUG - Train acc - epoch: 50:  99.138
2019-06-02 13:44:19,263 - DEBUG - Test acc - epoch: 50:  97.33
2019-06-02 13:44:42,657 - DEBUG - Train acc - epoch: 55:  99.283
2019-06-02 13:44:42,818 - DEBUG - Test acc - epoch: 55:  97.38
2019-06-02 13:45:06,253 - DEBUG - Train acc - epoch: 60:  99.34
2019-06-02 13:45:06,414 - DEBUG - Test acc - epoch: 60:  97.42
2019-06-02 13:45:29,743 - DEBUG - Train acc - epoch: 65:  99.372
2019-06-02 13:45:29,903 - DEBUG - Test acc - epoch: 65:  97.38
2019-06-02 13:45:53,298 - DEBUG - Train acc - epoch: 70:  99.44
2019-06-02 13:45:53,459 - DEBUG - Test acc - epoch: 70:  97.4
2019-06-02 13:46:16,822 - DEBUG - Train acc - epoch: 75:  99.475
2019-06-02 13:46:16,984 - DEBUG - Test acc - epoch: 75:  97.35
2019-06-02 13:46:40,376 - DEBUG - Train acc - epoch: 80:  99.493
2019-06-02 13:46:40,535 - DEBUG - Test acc - epoch: 80:  97.49
2019-06-02 13:47:03,900 - DEBUG - Train acc - epoch: 85:  99.513
2019-06-02 13:47:04,059 - DEBUG - Test acc - epoch: 85:  97.32
2019-06-02 13:47:27,392 - DEBUG - Train acc - epoch: 90:  99.517
2019-06-02 13:47:27,551 - DEBUG - Test acc - epoch: 90:  97.41
2019-06-02 13:47:50,888 - DEBUG - Train acc - epoch: 95:  99.532
2019-06-02 13:47:51,049 - DEBUG - Test acc - epoch: 95:  97.37
2019-06-02 13:48:14,782 - DEBUG - Train acc - epoch: 100:  99.538
2019-06-02 13:48:14,951 - DEBUG - Test acc - epoch: 100:  97.41
2019-06-02 13:48:38,818 - DEBUG - Train acc - epoch: 105:  99.55
2019-06-02 13:48:38,978 - DEBUG - Test acc - epoch: 105:  97.36
2019-06-02 13:49:02,692 - DEBUG - Train acc - epoch: 110:  99.553
2019-06-02 13:49:02,848 - DEBUG - Test acc - epoch: 110:  97.42
2019-06-02 13:49:26,211 - DEBUG - Train acc - epoch: 115:  99.557
2019-06-02 13:49:26,374 - DEBUG - Test acc - epoch: 115:  97.44
2019-06-02 13:49:49,776 - DEBUG - Train acc - epoch: 120:  99.557
2019-06-02 13:49:49,937 - DEBUG - Test acc - epoch: 120:  97.45
2019-06-02 13:50:13,420 - DEBUG - Train acc - epoch: 125:  99.562
2019-06-02 13:50:13,581 - DEBUG - Test acc - epoch: 125:  97.44
2019-06-02 13:50:37,275 - DEBUG - Train acc - epoch: 130:  99.562
2019-06-02 13:50:37,434 - DEBUG - Test acc - epoch: 130:  97.42
2019-06-02 13:51:00,801 - DEBUG - Train acc - epoch: 135:  99.563
2019-06-02 13:51:00,963 - DEBUG - Test acc - epoch: 135:  97.44
2019-06-02 13:51:24,452 - DEBUG - Train acc - epoch: 140:  99.563
2019-06-02 13:51:24,611 - DEBUG - Test acc - epoch: 140:  97.46
2019-06-02 13:51:48,061 - DEBUG - Train acc - epoch: 145:  99.565
2019-06-02 13:51:48,221 - DEBUG - Test acc - epoch: 145:  97.49
2019-06-02 13:52:11,657 - DEBUG - Train acc - epoch: 150:  99.567
2019-06-02 13:52:11,815 - DEBUG - Test acc - epoch: 150:  97.5
2019-06-02 13:52:35,191 - DEBUG - Train acc - epoch: 155:  99.57
2019-06-02 13:52:35,351 - DEBUG - Test acc - epoch: 155:  97.49
2019-06-02 13:52:59,791 - DEBUG - Train acc - epoch: 160:  99.57
2019-06-02 13:52:59,951 - DEBUG - Test acc - epoch: 160:  97.51
2019-06-02 13:53:23,468 - DEBUG - Train acc - epoch: 165:  99.57
2019-06-02 13:53:23,626 - DEBUG - Test acc - epoch: 165:  97.49
2019-06-02 13:53:47,112 - DEBUG - Train acc - epoch: 170:  99.57
2019-06-02 13:53:47,272 - DEBUG - Test acc - epoch: 170:  97.51
2019-06-02 13:54:10,655 - DEBUG - Train acc - epoch: 175:  99.57
2019-06-02 13:54:10,814 - DEBUG - Test acc - epoch: 175:  97.5
2019-06-02 13:54:35,032 - DEBUG - Train acc - epoch: 180:  99.57
2019-06-02 13:54:35,231 - DEBUG - Test acc - epoch: 180:  97.5
2019-06-02 13:54:59,369 - DEBUG - Train acc - epoch: 185:  99.57
2019-06-02 13:54:59,528 - DEBUG - Test acc - epoch: 185:  97.48
2019-06-02 13:55:23,069 - DEBUG - Train acc - epoch: 190:  99.57
2019-06-02 13:55:23,230 - DEBUG - Test acc - epoch: 190:  97.5
2019-06-02 13:55:46,708 - DEBUG - Train acc - epoch: 195:  99.57
2019-06-02 13:55:46,867 - DEBUG - Test acc - epoch: 195:  97.52
2019-06-02 13:56:06,824 - INFO - Train acc - epoch: 200:  99.57
2019-06-02 13:56:06,997 - INFO - Test acc - epoch:97.52
2019-06-02 13:56:06,998 - DEBUG - ---------------------------------------------------------------------
2019-06-02 13:56:08,210 - INFO - learning rate=0.003 momentum update=0.99 minibatch=100
2019-06-02 13:56:12,494 - DEBUG - Train acc - epoch: 0:  11.237
2019-06-02 13:56:12,651 - DEBUG - Test acc - epoch: 0:  11.35
2019-06-02 13:56:34,952 - DEBUG - Train acc - epoch: 5:  11.237
2019-06-02 13:56:35,108 - DEBUG - Test acc - epoch: 5:  11.35
2019-06-02 13:56:57,329 - DEBUG - Train acc - epoch: 10:  11.237
2019-06-02 13:56:57,485 - DEBUG - Test acc - epoch: 10:  11.35
2019-06-02 13:57:19,670 - DEBUG - Train acc - epoch: 15:  11.237
2019-06-02 13:57:19,827 - DEBUG - Test acc - epoch: 15:  11.35
2019-06-02 13:57:42,078 - DEBUG - Train acc - epoch: 20:  11.237
2019-06-02 13:57:42,237 - DEBUG - Test acc - epoch: 20:  11.35
2019-06-02 13:58:04,668 - DEBUG - Train acc - epoch: 25:  11.237
2019-06-02 13:58:04,826 - DEBUG - Test acc - epoch: 25:  11.35
2019-06-02 13:58:27,118 - DEBUG - Train acc - epoch: 30:  27.408
2019-06-02 13:58:27,276 - DEBUG - Test acc - epoch: 30:  27.54
2019-06-02 13:58:49,541 - DEBUG - Train acc - epoch: 35:  88.57
2019-06-02 13:58:49,699 - DEBUG - Test acc - epoch: 35:  88.55
2019-06-02 13:59:11,980 - DEBUG - Train acc - epoch: 40:  94.332
2019-06-02 13:59:12,140 - DEBUG - Test acc - epoch: 40:  93.79
2019-06-02 13:59:34,464 - DEBUG - Train acc - epoch: 45:  96.023
2019-06-02 13:59:34,627 - DEBUG - Test acc - epoch: 45:  95.5
2019-06-02 13:59:57,050 - DEBUG - Train acc - epoch: 50:  96.633
2019-06-02 13:59:57,210 - DEBUG - Test acc - epoch: 50:  95.92
2019-06-02 14:00:20,362 - DEBUG - Train acc - epoch: 55:  97.077
2019-06-02 14:00:20,521 - DEBUG - Test acc - epoch: 55:  96.08
2019-06-02 14:00:43,141 - DEBUG - Train acc - epoch: 60:  97.787
2019-06-02 14:00:43,301 - DEBUG - Test acc - epoch: 60:  96.71
2019-06-02 14:01:05,746 - DEBUG - Train acc - epoch: 65:  98.122
2019-06-02 14:01:05,907 - DEBUG - Test acc - epoch: 65:  96.79
2019-06-02 14:01:28,276 - DEBUG - Train acc - epoch: 70:  98.427
2019-06-02 14:01:28,437 - DEBUG - Test acc - epoch: 70:  97.22
2019-06-02 14:01:51,450 - DEBUG - Train acc - epoch: 75:  98.55
2019-06-02 14:01:51,613 - DEBUG - Test acc - epoch: 75:  97.25
2019-06-02 14:02:14,371 - DEBUG - Train acc - epoch: 80:  98.762
2019-06-02 14:02:14,530 - DEBUG - Test acc - epoch: 80:  97.32
2019-06-02 14:02:37,876 - DEBUG - Train acc - epoch: 85:  98.927
2019-06-02 14:02:38,035 - DEBUG - Test acc - epoch: 85:  97.35
2019-06-02 14:03:00,321 - DEBUG - Train acc - epoch: 90:  99.048
2019-06-02 14:03:00,480 - DEBUG - Test acc - epoch: 90:  97.33
2019-06-02 14:03:22,829 - DEBUG - Train acc - epoch: 95:  99.117
2019-06-02 14:03:22,988 - DEBUG - Test acc - epoch: 95:  97.64
2019-06-02 14:03:46,162 - DEBUG - Train acc - epoch: 100:  99.162
2019-06-02 14:03:46,321 - DEBUG - Test acc - epoch: 100:  97.57
2019-06-02 14:04:08,921 - DEBUG - Train acc - epoch: 105:  99.205
2019-06-02 14:04:09,079 - DEBUG - Test acc - epoch: 105:  97.62
2019-06-02 14:04:31,361 - DEBUG - Train acc - epoch: 110:  99.283
2019-06-02 14:04:31,648 - DEBUG - Test acc - epoch: 110:  97.63
2019-06-02 14:04:54,040 - DEBUG - Train acc - epoch: 115:  99.322
2019-06-02 14:04:54,199 - DEBUG - Test acc - epoch: 115:  97.67
2019-06-02 14:05:16,549 - DEBUG - Train acc - epoch: 120:  99.333
2019-06-02 14:05:16,709 - DEBUG - Test acc - epoch: 120:  97.6
2019-06-02 14:05:38,984 - DEBUG - Train acc - epoch: 125:  99.367
2019-06-02 14:05:39,141 - DEBUG - Test acc - epoch: 125:  97.58
2019-06-02 14:06:01,490 - DEBUG - Train acc - epoch: 130:  99.38
2019-06-02 14:06:01,649 - DEBUG - Test acc - epoch: 130:  97.52
2019-06-02 14:06:23,908 - DEBUG - Train acc - epoch: 135:  99.412
2019-06-02 14:06:24,067 - DEBUG - Test acc - epoch: 135:  97.63
2019-06-02 14:06:46,414 - DEBUG - Train acc - epoch: 140:  99.427
2019-06-02 14:06:46,573 - DEBUG - Test acc - epoch: 140:  97.58
2019-06-02 14:07:08,792 - DEBUG - Train acc - epoch: 145:  99.443
2019-06-02 14:07:08,951 - DEBUG - Test acc - epoch: 145:  97.54
2019-06-02 14:07:31,912 - DEBUG - Train acc - epoch: 150:  99.453
2019-06-02 14:07:32,073 - DEBUG - Test acc - epoch: 150:  97.62
2019-06-02 14:07:54,564 - DEBUG - Train acc - epoch: 155:  99.463
2019-06-02 14:07:54,724 - DEBUG - Test acc - epoch: 155:  97.65
2019-06-02 14:08:17,299 - DEBUG - Train acc - epoch: 160:  99.468
2019-06-02 14:08:17,459 - DEBUG - Test acc - epoch: 160:  97.68
2019-06-02 14:08:40,188 - DEBUG - Train acc - epoch: 165:  99.467
2019-06-02 14:08:40,346 - DEBUG - Test acc - epoch: 165:  97.69
2019-06-02 14:09:03,207 - DEBUG - Train acc - epoch: 170:  99.47
2019-06-02 14:09:03,365 - DEBUG - Test acc - epoch: 170:  97.65
2019-06-02 14:09:26,211 - DEBUG - Train acc - epoch: 175:  99.473
2019-06-02 14:09:26,370 - DEBUG - Test acc - epoch: 175:  97.72
2019-06-02 14:09:48,631 - DEBUG - Train acc - epoch: 180:  99.473
2019-06-02 14:09:48,790 - DEBUG - Test acc - epoch: 180:  97.67
2019-06-02 14:10:11,034 - DEBUG - Train acc - epoch: 185:  99.478
2019-06-02 14:10:11,192 - DEBUG - Test acc - epoch: 185:  97.68
2019-06-02 14:10:33,386 - DEBUG - Train acc - epoch: 190:  99.482
2019-06-02 14:10:33,546 - DEBUG - Test acc - epoch: 190:  97.69
2019-06-02 14:10:55,726 - DEBUG - Train acc - epoch: 195:  99.485
2019-06-02 14:10:55,890 - DEBUG - Test acc - epoch: 195:  97.73
2019-06-02 14:11:14,929 - INFO - Train acc - epoch: 200:  99.488
2019-06-02 14:11:15,111 - INFO - Test acc - epoch:97.71
2019-06-02 14:11:15,112 - DEBUG - ---------------------------------------------------------------------
2019-06-02 14:11:16,320 - INFO - learning rate=0.003 momentum update=0.99 minibatch=100
2019-06-02 14:11:20,800 - DEBUG - Train acc - epoch: 0:  11.237
2019-06-02 14:11:20,960 - DEBUG - Test acc - epoch: 0:  11.35
2019-06-02 14:11:44,215 - DEBUG - Train acc - epoch: 5:  11.237
2019-06-02 14:11:44,373 - DEBUG - Test acc - epoch: 5:  11.35
2019-06-02 14:12:07,785 - DEBUG - Train acc - epoch: 10:  11.237
2019-06-02 14:12:07,946 - DEBUG - Test acc - epoch: 10:  11.35
2019-06-02 14:12:31,428 - DEBUG - Train acc - epoch: 15:  11.237
2019-06-02 14:12:31,587 - DEBUG - Test acc - epoch: 15:  11.35
2019-06-02 14:12:54,759 - DEBUG - Train acc - epoch: 20:  11.237
2019-06-02 14:12:54,917 - DEBUG - Test acc - epoch: 20:  11.35
2019-06-02 14:13:18,264 - DEBUG - Train acc - epoch: 25:  11.237
2019-06-02 14:13:18,423 - DEBUG - Test acc - epoch: 25:  11.35
2019-06-02 14:13:41,698 - DEBUG - Train acc - epoch: 30:  11.237
2019-06-02 14:13:41,855 - DEBUG - Test acc - epoch: 30:  11.35
2019-06-02 14:14:05,141 - DEBUG - Train acc - epoch: 35:  11.237
2019-06-02 14:14:05,298 - DEBUG - Test acc - epoch: 35:  11.35
2019-06-02 14:14:28,613 - DEBUG - Train acc - epoch: 40:  11.237
2019-06-02 14:14:28,773 - DEBUG - Test acc - epoch: 40:  11.35
2019-06-02 14:14:52,060 - DEBUG - Train acc - epoch: 45:  11.237
2019-06-02 14:14:52,220 - DEBUG - Test acc - epoch: 45:  11.35
2019-06-02 14:15:15,488 - DEBUG - Train acc - epoch: 50:  11.237
2019-06-02 14:15:15,650 - DEBUG - Test acc - epoch: 50:  11.35
2019-06-02 14:15:38,977 - DEBUG - Train acc - epoch: 55:  11.237
2019-06-02 14:15:39,141 - DEBUG - Test acc - epoch: 55:  11.35
2019-06-02 14:16:02,462 - DEBUG - Train acc - epoch: 60:  11.237
2019-06-02 14:16:02,622 - DEBUG - Test acc - epoch: 60:  11.35
2019-06-02 14:16:25,834 - DEBUG - Train acc - epoch: 65:  11.237
2019-06-02 14:16:25,993 - DEBUG - Test acc - epoch: 65:  11.35
2019-06-02 14:16:50,064 - DEBUG - Train acc - epoch: 70:  11.237
2019-06-02 14:16:50,224 - DEBUG - Test acc - epoch: 70:  11.35
2019-06-02 14:17:13,513 - DEBUG - Train acc - epoch: 75:  20.64
2019-06-02 14:17:13,672 - DEBUG - Test acc - epoch: 75:  20.73
2019-06-02 14:17:37,056 - DEBUG - Train acc - epoch: 80:  31.275
2019-06-02 14:17:37,216 - DEBUG - Test acc - epoch: 80:  31.66
2019-06-02 14:18:01,223 - DEBUG - Train acc - epoch: 85:  46.208
2019-06-02 14:18:01,386 - DEBUG - Test acc - epoch: 85:  47.0
2019-06-02 14:18:25,140 - DEBUG - Train acc - epoch: 90:  69.688
2019-06-02 14:18:25,299 - DEBUG - Test acc - epoch: 90:  70.09
2019-06-02 14:18:48,678 - DEBUG - Train acc - epoch: 95:  84.58
2019-06-02 14:18:48,837 - DEBUG - Test acc - epoch: 95:  84.69
2019-06-02 14:19:12,159 - DEBUG - Train acc - epoch: 100:  89.707
2019-06-02 14:19:12,319 - DEBUG - Test acc - epoch: 100:  89.8
2019-06-02 14:19:35,594 - DEBUG - Train acc - epoch: 105:  92.528
2019-06-02 14:19:35,757 - DEBUG - Test acc - epoch: 105:  92.36
2019-06-02 14:19:59,116 - DEBUG - Train acc - epoch: 110:  93.95
2019-06-02 14:19:59,275 - DEBUG - Test acc - epoch: 110:  93.96
2019-06-02 14:20:22,617 - DEBUG - Train acc - epoch: 115:  94.767
2019-06-02 14:20:22,778 - DEBUG - Test acc - epoch: 115:  94.4
2019-06-02 14:20:46,153 - DEBUG - Train acc - epoch: 120:  94.998
2019-06-02 14:20:46,314 - DEBUG - Test acc - epoch: 120:  94.58
2019-06-02 14:21:09,716 - DEBUG - Train acc - epoch: 125:  95.83
2019-06-02 14:21:09,877 - DEBUG - Test acc - epoch: 125:  95.44
2019-06-02 14:21:33,283 - DEBUG - Train acc - epoch: 130:  96.067
2019-06-02 14:21:33,443 - DEBUG - Test acc - epoch: 130:  95.51
2019-06-02 14:21:56,799 - DEBUG - Train acc - epoch: 135:  96.548
2019-06-02 14:21:56,959 - DEBUG - Test acc - epoch: 135:  95.92
2019-06-02 14:22:20,332 - DEBUG - Train acc - epoch: 140:  96.718
2019-06-02 14:22:20,493 - DEBUG - Test acc - epoch: 140:  96.13
2019-06-02 14:22:43,766 - DEBUG - Train acc - epoch: 145:  97.003
2019-06-02 14:22:43,931 - DEBUG - Test acc - epoch: 145:  96.27
2019-06-02 14:23:07,297 - DEBUG - Train acc - epoch: 150:  97.052
2019-06-02 14:23:07,455 - DEBUG - Test acc - epoch: 150:  96.11
2019-06-02 14:23:30,707 - DEBUG - Train acc - epoch: 155:  97.208
2019-06-02 14:23:30,867 - DEBUG - Test acc - epoch: 155:  96.47
2019-06-02 14:23:54,239 - DEBUG - Train acc - epoch: 160:  97.255
2019-06-02 14:23:54,400 - DEBUG - Test acc - epoch: 160:  96.21
2019-06-02 14:24:17,757 - DEBUG - Train acc - epoch: 165:  97.3
2019-06-02 14:24:17,918 - DEBUG - Test acc - epoch: 165:  96.35
2019-06-02 14:24:41,279 - DEBUG - Train acc - epoch: 170:  97.523
2019-06-02 14:24:41,440 - DEBUG - Test acc - epoch: 170:  96.68
2019-06-02 14:25:05,277 - DEBUG - Train acc - epoch: 175:  97.657
2019-06-02 14:25:05,437 - DEBUG - Test acc - epoch: 175:  96.86
2019-06-02 14:25:28,804 - DEBUG - Train acc - epoch: 180:  97.77
2019-06-02 14:25:28,965 - DEBUG - Test acc - epoch: 180:  96.6
2019-06-02 14:25:52,434 - DEBUG - Train acc - epoch: 185:  97.722
2019-06-02 14:25:52,620 - DEBUG - Test acc - epoch: 185:  96.63
2019-06-02 14:26:17,704 - DEBUG - Train acc - epoch: 190:  97.835
2019-06-02 14:26:17,894 - DEBUG - Test acc - epoch: 190:  96.6
2019-06-02 14:26:41,693 - DEBUG - Train acc - epoch: 195:  97.958
2019-06-02 14:26:41,852 - DEBUG - Test acc - epoch: 195:  96.79
2019-06-02 14:27:01,846 - INFO - Train acc - epoch: 200:  97.972
2019-06-02 14:27:02,021 - INFO - Test acc - epoch:96.65
2019-06-02 14:27:02,022 - DEBUG - ---------------------------------------------------------------------
2019-06-02 14:29:12,426 - INFO - learning rate=0.003 momentum update=0.99 minibatch=100
2019-06-02 14:29:19,282 - DEBUG - Train acc - epoch: 0:  10.442
2019-06-02 14:29:19,519 - DEBUG - Test acc - epoch: 0:  10.28
2019-06-02 14:29:54,821 - DEBUG - Train acc - epoch: 5:  32.207
2019-06-02 14:29:55,067 - DEBUG - Test acc - epoch: 5:  32.25
2019-06-02 14:30:30,589 - DEBUG - Train acc - epoch: 10:  96.453
2019-06-02 14:30:30,837 - DEBUG - Test acc - epoch: 10:  96.01
2019-06-02 14:31:08,376 - DEBUG - Train acc - epoch: 15:  98.17
2019-06-02 14:31:08,636 - DEBUG - Test acc - epoch: 15:  97.21
2019-06-02 14:31:45,818 - DEBUG - Train acc - epoch: 20:  98.753
2019-06-02 14:31:46,085 - DEBUG - Test acc - epoch: 20:  97.26
2019-06-02 14:32:26,061 - DEBUG - Train acc - epoch: 25:  99.16
2019-06-02 14:32:26,317 - DEBUG - Test acc - epoch: 25:  97.52
2019-06-02 14:33:06,180 - DEBUG - Train acc - epoch: 30:  99.205
2019-06-02 14:33:06,543 - DEBUG - Test acc - epoch: 30:  97.36
2019-06-02 14:33:45,861 - DEBUG - Train acc - epoch: 35:  99.463
2019-06-02 14:33:46,139 - DEBUG - Test acc - epoch: 35:  97.67
2019-06-02 14:34:24,762 - DEBUG - Train acc - epoch: 40:  99.502
2019-06-02 14:34:25,077 - DEBUG - Test acc - epoch: 40:  97.73
2019-06-02 14:35:04,886 - DEBUG - Train acc - epoch: 45:  99.522
2019-06-02 14:35:05,160 - DEBUG - Test acc - epoch: 45:  97.74
2019-06-02 14:35:43,389 - DEBUG - Train acc - epoch: 50:  99.533
2019-06-02 14:35:43,645 - DEBUG - Test acc - epoch: 50:  97.81
2019-06-02 14:36:21,127 - DEBUG - Train acc - epoch: 55:  99.54
2019-06-02 14:36:21,383 - DEBUG - Test acc - epoch: 55:  97.77
2019-06-02 14:36:59,924 - DEBUG - Train acc - epoch: 60:  99.547
2019-06-02 14:37:00,181 - DEBUG - Test acc - epoch: 60:  97.82
2019-06-02 14:37:37,933 - DEBUG - Train acc - epoch: 65:  99.55
2019-06-02 14:37:38,190 - DEBUG - Test acc - epoch: 65:  97.78
2019-06-02 14:38:15,671 - DEBUG - Train acc - epoch: 70:  99.552
2019-06-02 14:38:15,928 - DEBUG - Test acc - epoch: 70:  97.77
2019-06-02 14:38:53,454 - DEBUG - Train acc - epoch: 75:  99.553
2019-06-02 14:38:53,717 - DEBUG - Test acc - epoch: 75:  97.78
2019-06-02 14:39:31,319 - DEBUG - Train acc - epoch: 80:  99.555
2019-06-02 14:39:31,577 - DEBUG - Test acc - epoch: 80:  97.82
2019-06-02 14:40:09,215 - DEBUG - Train acc - epoch: 85:  99.557
2019-06-02 14:40:09,469 - DEBUG - Test acc - epoch: 85:  97.8
2019-06-02 14:40:47,257 - DEBUG - Train acc - epoch: 90:  99.558
2019-06-02 14:40:47,514 - DEBUG - Test acc - epoch: 90:  97.79
2019-06-02 14:41:26,037 - DEBUG - Train acc - epoch: 95:  99.562
2019-06-02 14:41:26,298 - DEBUG - Test acc - epoch: 95:  97.73
2019-06-02 14:41:58,864 - INFO - Train acc - epoch: 100:  99.562
2019-06-02 14:41:59,147 - INFO - Test acc - epoch:97.68
2019-06-02 14:41:59,148 - DEBUG - ---------------------------------------------------------------------
2019-06-02 14:42:01,414 - INFO - learning rate=0.003 momentum update=0.99 minibatch=100
2019-06-02 14:42:09,313 - DEBUG - Train acc - epoch: 0:  10.442
2019-06-02 14:42:09,573 - DEBUG - Test acc - epoch: 0:  10.28
2019-06-02 14:42:47,717 - DEBUG - Train acc - epoch: 5:  10.442
2019-06-02 14:42:47,972 - DEBUG - Test acc - epoch: 5:  10.28
2019-06-02 14:43:25,637 - DEBUG - Train acc - epoch: 10:  28.252
2019-06-02 14:43:25,900 - DEBUG - Test acc - epoch: 10:  28.31
2019-06-02 14:44:03,776 - DEBUG - Train acc - epoch: 15:  93.282
2019-06-02 14:44:04,031 - DEBUG - Test acc - epoch: 15:  93.35
2019-06-02 14:44:41,725 - DEBUG - Train acc - epoch: 20:  97.097
2019-06-02 14:44:41,988 - DEBUG - Test acc - epoch: 20:  96.28
2019-06-02 14:45:19,798 - DEBUG - Train acc - epoch: 25:  98.178
2019-06-02 14:45:20,051 - DEBUG - Test acc - epoch: 25:  97.04
2019-06-02 14:45:57,649 - DEBUG - Train acc - epoch: 30:  98.513
2019-06-02 14:45:57,902 - DEBUG - Test acc - epoch: 30:  97.02
2019-06-02 14:46:35,598 - DEBUG - Train acc - epoch: 35:  98.83
2019-06-02 14:46:35,850 - DEBUG - Test acc - epoch: 35:  97.15
2019-06-02 14:47:13,666 - DEBUG - Train acc - epoch: 40:  99.132
2019-06-02 14:47:13,919 - DEBUG - Test acc - epoch: 40:  97.35
2019-06-02 14:47:51,582 - DEBUG - Train acc - epoch: 45:  99.262
2019-06-02 14:47:51,835 - DEBUG - Test acc - epoch: 45:  97.55
2019-06-02 14:48:29,602 - DEBUG - Train acc - epoch: 50:  99.315
2019-06-02 14:48:29,861 - DEBUG - Test acc - epoch: 50:  97.62
2019-06-02 14:49:07,588 - DEBUG - Train acc - epoch: 55:  99.338
2019-06-02 14:49:07,841 - DEBUG - Test acc - epoch: 55:  97.75
2019-06-02 14:49:45,541 - DEBUG - Train acc - epoch: 60:  99.357
2019-06-02 14:49:45,804 - DEBUG - Test acc - epoch: 60:  97.66
2019-06-02 14:50:23,533 - DEBUG - Train acc - epoch: 65:  99.39
2019-06-02 14:50:23,790 - DEBUG - Test acc - epoch: 65:  97.66
2019-06-02 14:51:02,126 - DEBUG - Train acc - epoch: 70:  99.393
2019-06-02 14:51:02,386 - DEBUG - Test acc - epoch: 70:  97.7
2019-06-02 14:51:39,803 - DEBUG - Train acc - epoch: 75:  99.407
2019-06-02 14:51:40,057 - DEBUG - Test acc - epoch: 75:  97.62
2019-06-02 14:52:17,506 - DEBUG - Train acc - epoch: 80:  99.415
2019-06-02 14:52:17,766 - DEBUG - Test acc - epoch: 80:  97.66
2019-06-02 14:52:56,206 - DEBUG - Train acc - epoch: 85:  99.428
2019-06-02 14:52:56,461 - DEBUG - Test acc - epoch: 85:  97.67
2019-06-02 14:53:33,830 - DEBUG - Train acc - epoch: 90:  99.437
2019-06-02 14:53:34,089 - DEBUG - Test acc - epoch: 90:  97.63
2019-06-02 14:54:11,619 - DEBUG - Train acc - epoch: 95:  99.443
2019-06-02 14:54:11,874 - DEBUG - Test acc - epoch: 95:  97.67
2019-06-02 14:54:44,069 - INFO - Train acc - epoch: 100:  99.45
2019-06-02 14:54:44,340 - INFO - Test acc - epoch:97.63
2019-06-02 14:54:44,341 - DEBUG - ---------------------------------------------------------------------
2019-06-02 14:54:46,455 - INFO - learning rate=0.003 momentum update=0.99 minibatch=100
2019-06-02 14:54:54,098 - DEBUG - Train acc - epoch: 0:  11.237
2019-06-02 14:54:54,359 - DEBUG - Test acc - epoch: 0:  11.35
2019-06-02 14:55:32,321 - DEBUG - Train acc - epoch: 5:  11.237
2019-06-02 14:55:32,573 - DEBUG - Test acc - epoch: 5:  11.35
2019-06-02 14:56:10,011 - DEBUG - Train acc - epoch: 10:  11.237
2019-06-02 14:56:10,271 - DEBUG - Test acc - epoch: 10:  11.35
2019-06-02 14:56:47,455 - DEBUG - Train acc - epoch: 15:  11.237
2019-06-02 14:56:47,709 - DEBUG - Test acc - epoch: 15:  11.35
2019-06-02 14:57:25,022 - DEBUG - Train acc - epoch: 20:  36.317
2019-06-02 14:57:25,274 - DEBUG - Test acc - epoch: 20:  36.61
2019-06-02 14:58:04,132 - DEBUG - Train acc - epoch: 25:  88.145
2019-06-02 14:58:04,392 - DEBUG - Test acc - epoch: 25:  88.14
2019-06-02 14:58:42,222 - DEBUG - Train acc - epoch: 30:  94.682
2019-06-02 14:58:42,478 - DEBUG - Test acc - epoch: 30:  94.53
2019-06-02 14:59:19,699 - DEBUG - Train acc - epoch: 35:  96.518
2019-06-02 14:59:19,950 - DEBUG - Test acc - epoch: 35:  95.89
2019-06-02 14:59:57,334 - DEBUG - Train acc - epoch: 40:  97.275
2019-06-02 14:59:57,584 - DEBUG - Test acc - epoch: 40:  96.29
2019-06-02 15:00:34,994 - DEBUG - Train acc - epoch: 45:  97.983
2019-06-02 15:00:35,255 - DEBUG - Test acc - epoch: 45:  96.84
2019-06-02 15:01:12,650 - DEBUG - Train acc - epoch: 50:  98.223
2019-06-02 15:01:12,903 - DEBUG - Test acc - epoch: 50:  96.9
2019-06-02 15:01:51,154 - DEBUG - Train acc - epoch: 55:  98.692
2019-06-02 15:01:51,408 - DEBUG - Test acc - epoch: 55:  97.14
2019-06-02 15:02:28,890 - DEBUG - Train acc - epoch: 60:  98.915
2019-06-02 15:02:29,150 - DEBUG - Test acc - epoch: 60:  97.29
2019-06-02 15:03:09,334 - DEBUG - Train acc - epoch: 65:  99.03
2019-06-02 15:03:09,589 - DEBUG - Test acc - epoch: 65:  97.4
2019-06-02 15:03:48,293 - DEBUG - Train acc - epoch: 70:  99.158
2019-06-02 15:03:48,599 - DEBUG - Test acc - epoch: 70:  97.49
2019-06-02 15:04:28,789 - DEBUG - Train acc - epoch: 75:  99.238
2019-06-02 15:04:29,045 - DEBUG - Test acc - epoch: 75:  97.54
2019-06-02 15:05:41,996 - INFO - learning rate=0.003 momentum update=0.99 minibatch=100
2019-06-02 15:05:46,658 - DEBUG - Train acc - epoch: 0:  10.442
2019-06-02 15:05:46,929 - DEBUG - Test acc - epoch: 0:  10.28
2019-06-02 15:06:10,740 - DEBUG - Train acc - epoch: 5:  10.442
2019-06-02 15:06:10,904 - DEBUG - Test acc - epoch: 5:  10.28
2019-06-02 15:06:34,540 - DEBUG - Train acc - epoch: 10:  10.442
2019-06-02 15:06:34,703 - DEBUG - Test acc - epoch: 10:  10.28
2019-06-02 15:06:58,333 - DEBUG - Train acc - epoch: 15:  10.442
2019-06-02 15:06:58,496 - DEBUG - Test acc - epoch: 15:  10.28
2019-06-02 15:07:22,262 - DEBUG - Train acc - epoch: 20:  10.442
2019-06-02 15:07:22,425 - DEBUG - Test acc - epoch: 20:  10.28
2019-06-02 15:07:46,216 - DEBUG - Train acc - epoch: 25:  11.237
2019-06-02 15:07:46,380 - DEBUG - Test acc - epoch: 25:  11.35
2019-06-02 15:08:10,170 - DEBUG - Train acc - epoch: 30:  11.237
2019-06-02 15:08:10,334 - DEBUG - Test acc - epoch: 30:  11.35
2019-06-02 15:08:34,034 - DEBUG - Train acc - epoch: 35:  11.237
2019-06-02 15:08:34,198 - DEBUG - Test acc - epoch: 35:  11.35
2019-06-02 15:08:57,966 - DEBUG - Train acc - epoch: 40:  11.237
2019-06-02 15:08:58,129 - DEBUG - Test acc - epoch: 40:  11.35
2019-06-02 15:09:21,981 - DEBUG - Train acc - epoch: 45:  11.237
2019-06-02 15:09:22,143 - DEBUG - Test acc - epoch: 45:  11.35
2019-06-02 15:09:47,113 - DEBUG - Train acc - epoch: 50:  11.237
2019-06-02 15:09:47,277 - DEBUG - Test acc - epoch: 50:  11.35
2019-06-02 15:10:11,104 - DEBUG - Train acc - epoch: 55:  11.237
2019-06-02 15:10:11,268 - DEBUG - Test acc - epoch: 55:  11.35
2019-06-02 15:10:35,041 - DEBUG - Train acc - epoch: 60:  11.237
2019-06-02 15:10:35,203 - DEBUG - Test acc - epoch: 60:  11.35
2019-06-02 15:10:58,980 - DEBUG - Train acc - epoch: 65:  11.237
2019-06-02 15:10:59,142 - DEBUG - Test acc - epoch: 65:  11.35
2019-06-02 15:11:22,930 - DEBUG - Train acc - epoch: 70:  11.237
2019-06-02 15:11:23,093 - DEBUG - Test acc - epoch: 70:  11.35
2019-06-02 15:11:46,871 - DEBUG - Train acc - epoch: 75:  11.237
2019-06-02 15:11:47,035 - DEBUG - Test acc - epoch: 75:  11.35
2019-06-02 15:12:10,765 - DEBUG - Train acc - epoch: 80:  11.237
2019-06-02 15:12:10,929 - DEBUG - Test acc - epoch: 80:  11.35
2019-06-02 15:12:35,566 - DEBUG - Train acc - epoch: 85:  11.237
2019-06-02 15:12:35,729 - DEBUG - Test acc - epoch: 85:  11.35
2019-06-02 15:12:59,519 - DEBUG - Train acc - epoch: 90:  11.237
2019-06-02 15:12:59,682 - DEBUG - Test acc - epoch: 90:  11.35
2019-06-02 15:13:23,608 - DEBUG - Train acc - epoch: 95:  11.237
2019-06-02 15:13:23,786 - DEBUG - Test acc - epoch: 95:  11.35
2019-06-02 15:13:44,114 - INFO - Train acc - epoch: 100:  11.237
2019-06-02 15:13:44,284 - INFO - Test acc - epoch:11.35
2019-06-02 15:13:44,285 - DEBUG - ---------------------------------------------------------------------
2019-06-02 15:13:45,538 - INFO - learning rate=0.003 momentum update=0.99 minibatch=100
2019-06-02 15:13:50,287 - DEBUG - Train acc - epoch: 0:  10.442
2019-06-02 15:13:50,448 - DEBUG - Test acc - epoch: 0:  10.28
2019-06-02 15:14:15,449 - DEBUG - Train acc - epoch: 5:  10.442
2019-06-02 15:14:15,609 - DEBUG - Test acc - epoch: 5:  10.28
2019-06-02 15:14:41,756 - DEBUG - Train acc - epoch: 10:  11.237
2019-06-02 15:14:41,917 - DEBUG - Test acc - epoch: 10:  11.35
2019-06-02 15:15:06,523 - DEBUG - Train acc - epoch: 15:  11.237
2019-06-02 15:15:06,684 - DEBUG - Test acc - epoch: 15:  11.35
2019-06-02 15:15:31,261 - DEBUG - Train acc - epoch: 20:  11.237
2019-06-02 15:15:31,422 - DEBUG - Test acc - epoch: 20:  11.35
2019-06-02 15:15:56,134 - DEBUG - Train acc - epoch: 25:  11.237
2019-06-02 15:15:56,295 - DEBUG - Test acc - epoch: 25:  11.35
2019-06-02 15:16:21,330 - DEBUG - Train acc - epoch: 30:  11.237
2019-06-02 15:16:21,493 - DEBUG - Test acc - epoch: 30:  11.35
2019-06-02 15:16:47,143 - DEBUG - Train acc - epoch: 35:  11.237
2019-06-02 15:16:47,304 - DEBUG - Test acc - epoch: 35:  11.35
2019-06-02 15:17:11,961 - DEBUG - Train acc - epoch: 40:  11.237
2019-06-02 15:17:12,122 - DEBUG - Test acc - epoch: 40:  11.35
2019-06-02 15:17:36,679 - DEBUG - Train acc - epoch: 45:  11.237
2019-06-02 15:17:36,839 - DEBUG - Test acc - epoch: 45:  11.35
2019-06-02 15:18:01,372 - DEBUG - Train acc - epoch: 50:  11.237
2019-06-02 15:18:01,532 - DEBUG - Test acc - epoch: 50:  11.35
2019-06-02 15:18:26,101 - DEBUG - Train acc - epoch: 55:  11.237
2019-06-02 15:18:26,265 - DEBUG - Test acc - epoch: 55:  11.35
2019-06-02 15:18:50,988 - DEBUG - Train acc - epoch: 60:  11.237
2019-06-02 15:18:51,149 - DEBUG - Test acc - epoch: 60:  11.35
2019-06-02 15:19:15,802 - DEBUG - Train acc - epoch: 65:  11.237
2019-06-02 15:19:15,964 - DEBUG - Test acc - epoch: 65:  11.35
2019-06-02 15:19:40,609 - DEBUG - Train acc - epoch: 70:  11.237
2019-06-02 15:19:40,769 - DEBUG - Test acc - epoch: 70:  11.35
2019-06-02 15:20:05,464 - DEBUG - Train acc - epoch: 75:  11.237
2019-06-02 15:20:05,626 - DEBUG - Test acc - epoch: 75:  11.35
2019-06-02 15:20:30,205 - DEBUG - Train acc - epoch: 80:  11.237
2019-06-02 15:20:30,369 - DEBUG - Test acc - epoch: 80:  11.35
2019-06-02 15:20:55,125 - DEBUG - Train acc - epoch: 85:  11.237
2019-06-02 15:20:55,287 - DEBUG - Test acc - epoch: 85:  11.35
2019-06-02 15:21:19,929 - DEBUG - Train acc - epoch: 90:  11.237
2019-06-02 15:21:20,089 - DEBUG - Test acc - epoch: 90:  11.35
2019-06-02 15:21:44,753 - DEBUG - Train acc - epoch: 95:  11.237
2019-06-02 15:21:44,914 - DEBUG - Test acc - epoch: 95:  11.35
2019-06-02 15:22:05,952 - INFO - Train acc - epoch: 100:  11.237
2019-06-02 15:22:06,132 - INFO - Test acc - epoch:11.35
2019-06-02 15:22:06,132 - DEBUG - ---------------------------------------------------------------------
2019-06-02 15:22:07,375 - INFO - learning rate=0.003 momentum update=0.99 minibatch=100
2019-06-02 15:22:11,886 - DEBUG - Train acc - epoch: 0:  11.237
2019-06-02 15:22:12,055 - DEBUG - Test acc - epoch: 0:  11.35
2019-06-02 15:22:35,435 - DEBUG - Train acc - epoch: 5:  11.237
2019-06-02 15:22:35,594 - DEBUG - Test acc - epoch: 5:  11.35
2019-06-02 15:22:59,270 - DEBUG - Train acc - epoch: 10:  11.237
2019-06-02 15:22:59,428 - DEBUG - Test acc - epoch: 10:  11.35
2019-06-02 15:23:22,745 - DEBUG - Train acc - epoch: 15:  11.237
2019-06-02 15:23:22,909 - DEBUG - Test acc - epoch: 15:  11.35
2019-06-02 15:23:46,275 - DEBUG - Train acc - epoch: 20:  11.237
2019-06-02 15:23:46,435 - DEBUG - Test acc - epoch: 20:  11.35
2019-06-02 15:24:09,965 - DEBUG - Train acc - epoch: 25:  11.237
2019-06-02 15:24:10,126 - DEBUG - Test acc - epoch: 25:  11.35
2019-06-02 15:24:33,429 - DEBUG - Train acc - epoch: 30:  11.237
2019-06-02 15:24:33,588 - DEBUG - Test acc - epoch: 30:  11.35
2019-06-02 15:24:57,493 - DEBUG - Train acc - epoch: 35:  11.237
2019-06-02 15:24:57,654 - DEBUG - Test acc - epoch: 35:  11.35
2019-06-02 15:25:21,091 - DEBUG - Train acc - epoch: 40:  11.237
2019-06-02 15:25:21,251 - DEBUG - Test acc - epoch: 40:  11.35
2019-06-02 15:25:44,630 - DEBUG - Train acc - epoch: 45:  11.237
2019-06-02 15:25:44,790 - DEBUG - Test acc - epoch: 45:  11.35
2019-06-02 15:26:09,141 - DEBUG - Train acc - epoch: 50:  11.237
2019-06-02 15:26:09,354 - DEBUG - Test acc - epoch: 50:  11.35
2019-06-02 15:26:33,758 - DEBUG - Train acc - epoch: 55:  11.237
2019-06-02 15:26:33,919 - DEBUG - Test acc - epoch: 55:  11.35
2019-06-02 15:26:57,387 - DEBUG - Train acc - epoch: 60:  11.237
2019-06-02 15:26:57,548 - DEBUG - Test acc - epoch: 60:  11.35
2019-06-02 15:27:21,278 - DEBUG - Train acc - epoch: 65:  11.237
2019-06-02 15:27:21,476 - DEBUG - Test acc - epoch: 65:  11.35
2019-06-02 15:27:46,343 - DEBUG - Train acc - epoch: 70:  11.237
2019-06-02 15:27:46,500 - DEBUG - Test acc - epoch: 70:  11.35
2019-06-02 15:28:10,892 - DEBUG - Train acc - epoch: 75:  11.237
2019-06-02 15:28:11,070 - DEBUG - Test acc - epoch: 75:  11.35
2019-06-02 15:28:35,766 - DEBUG - Train acc - epoch: 80:  11.237
2019-06-02 15:28:35,927 - DEBUG - Test acc - epoch: 80:  11.35
2019-06-02 15:29:00,297 - DEBUG - Train acc - epoch: 85:  11.237
2019-06-02 15:29:00,468 - DEBUG - Test acc - epoch: 85:  11.35
2019-06-02 15:29:11,997 - INFO - learning rate=0.003 momentum update=0.99 minibatch=100
2019-06-02 15:29:14,580 - DEBUG - Train acc - epoch: 0:  10.442
2019-06-02 15:29:14,682 - DEBUG - Test acc - epoch: 0:  10.28
2019-06-02 15:29:29,057 - DEBUG - Train acc - epoch: 5:  10.442
2019-06-02 15:29:29,158 - DEBUG - Test acc - epoch: 5:  10.28
2019-06-02 15:29:42,671 - DEBUG - Train acc - epoch: 10:  10.442
2019-06-02 15:29:42,780 - DEBUG - Test acc - epoch: 10:  10.28
2019-06-02 15:30:05,494 - INFO - learning rate=0.003 momentum update=0.99 minibatch=100
2019-06-02 15:30:07,976 - DEBUG - Train acc - epoch: 0:  10.442
2019-06-02 15:30:08,076 - DEBUG - Test acc - epoch: 0:  10.28
2019-06-02 15:30:21,926 - DEBUG - Train acc - epoch: 5:  10.442
2019-06-02 15:30:22,024 - DEBUG - Test acc - epoch: 5:  10.28
2019-06-02 15:30:35,816 - DEBUG - Train acc - epoch: 10:  10.442
2019-06-02 15:30:35,919 - DEBUG - Test acc - epoch: 10:  10.28
2019-06-02 15:30:53,477 - INFO - learning rate=0.003 momentum update=0.99 minibatch=100
2019-06-02 15:30:57,793 - DEBUG - Train acc - epoch: 0:  10.442
2019-06-02 15:30:57,950 - DEBUG - Test acc - epoch: 0:  10.28
2019-06-02 15:31:22,820 - DEBUG - Train acc - epoch: 5:  10.442
2019-06-02 15:31:22,979 - DEBUG - Test acc - epoch: 5:  10.28
2019-06-02 15:31:45,974 - DEBUG - Train acc - epoch: 10:  11.237
2019-06-02 15:31:46,154 - DEBUG - Test acc - epoch: 10:  11.35
2019-06-02 15:32:09,754 - DEBUG - Train acc - epoch: 15:  11.237
2019-06-02 15:32:09,910 - DEBUG - Test acc - epoch: 15:  11.35
2019-06-02 15:32:33,187 - DEBUG - Train acc - epoch: 20:  72.223
2019-06-02 15:32:33,345 - DEBUG - Test acc - epoch: 20:  73.04
2019-06-02 15:32:55,723 - DEBUG - Train acc - epoch: 25:  95.792
2019-06-02 15:32:55,882 - DEBUG - Test acc - epoch: 25:  95.06
2019-06-02 15:33:19,629 - DEBUG - Train acc - epoch: 30:  97.708
2019-06-02 15:33:19,787 - DEBUG - Test acc - epoch: 30:  96.59
2019-06-02 15:33:42,055 - DEBUG - Train acc - epoch: 35:  98.07
2019-06-02 15:33:42,214 - DEBUG - Test acc - epoch: 35:  96.53
2019-06-02 15:34:04,596 - DEBUG - Train acc - epoch: 40:  98.755
2019-06-02 15:34:04,755 - DEBUG - Test acc - epoch: 40:  96.92
2019-06-02 15:34:27,275 - DEBUG - Train acc - epoch: 45:  99.003
2019-06-02 15:34:27,464 - DEBUG - Test acc - epoch: 45:  97.02
2019-06-02 15:34:50,595 - DEBUG - Train acc - epoch: 50:  99.08
2019-06-02 15:34:50,754 - DEBUG - Test acc - epoch: 50:  97.1
2019-06-02 15:35:13,089 - DEBUG - Train acc - epoch: 55:  99.318
2019-06-02 15:35:13,246 - DEBUG - Test acc - epoch: 55:  97.38
2019-06-02 15:35:35,643 - DEBUG - Train acc - epoch: 60:  99.435
2019-06-02 15:35:35,798 - DEBUG - Test acc - epoch: 60:  97.28
2019-06-02 15:35:58,064 - DEBUG - Train acc - epoch: 65:  99.49
2019-06-02 15:35:58,223 - DEBUG - Test acc - epoch: 65:  97.39
2019-06-02 15:36:20,594 - DEBUG - Train acc - epoch: 70:  99.553
2019-06-02 15:36:20,752 - DEBUG - Test acc - epoch: 70:  97.44
2019-06-02 15:36:43,003 - DEBUG - Train acc - epoch: 75:  99.578
2019-06-02 15:36:43,162 - DEBUG - Test acc - epoch: 75:  97.42
2019-06-02 15:37:07,013 - DEBUG - Train acc - epoch: 80:  99.587
2019-06-02 15:37:07,171 - DEBUG - Test acc - epoch: 80:  97.42
2019-06-02 15:37:29,469 - DEBUG - Train acc - epoch: 85:  99.595
2019-06-02 15:37:29,626 - DEBUG - Test acc - epoch: 85:  97.42
2019-06-02 15:37:52,010 - DEBUG - Train acc - epoch: 90:  99.617
2019-06-02 15:37:52,169 - DEBUG - Test acc - epoch: 90:  97.47
2019-06-02 15:38:14,522 - DEBUG - Train acc - epoch: 95:  99.607
2019-06-02 15:38:14,680 - DEBUG - Test acc - epoch: 95:  97.35
2019-06-02 15:38:33,733 - INFO - Train acc - epoch: 100:  99.625
2019-06-02 15:38:33,906 - INFO - Test acc - epoch:97.5
2019-06-02 15:38:33,907 - DEBUG - ---------------------------------------------------------------------
2019-06-02 18:00:56,998 - INFO - learning rate=0.003 momentum update=0.99 minibatch=100
2019-06-02 18:01:01,023 - DEBUG - Train acc - epoch: 0:  10.442
2019-06-02 18:01:01,168 - DEBUG - Test acc - epoch: 0:  10.28
2019-06-02 18:01:21,713 - DEBUG - Train acc - epoch: 5:  11.237
2019-06-02 18:01:21,874 - DEBUG - Test acc - epoch: 5:  11.35
2019-06-02 18:01:42,488 - DEBUG - Train acc - epoch: 10:  11.237
2019-06-02 18:01:42,688 - DEBUG - Test acc - epoch: 10:  11.35
2019-06-02 18:02:04,389 - DEBUG - Train acc - epoch: 15:  11.237
2019-06-02 18:02:04,539 - DEBUG - Test acc - epoch: 15:  11.35
2019-06-02 18:02:25,631 - DEBUG - Train acc - epoch: 20:  10.442
2019-06-02 18:02:25,780 - DEBUG - Test acc - epoch: 20:  10.28
2019-06-02 18:02:47,144 - DEBUG - Train acc - epoch: 25:  27.468
2019-06-02 18:02:47,293 - DEBUG - Test acc - epoch: 25:  27.75
2019-06-02 18:03:08,225 - DEBUG - Train acc - epoch: 30:  9.872
2019-06-02 18:03:08,390 - DEBUG - Test acc - epoch: 30:  9.8
2019-06-02 18:03:30,697 - DEBUG - Train acc - epoch: 35:  9.872
2019-06-02 18:03:30,843 - DEBUG - Test acc - epoch: 35:  9.8
